{"D:\\ME\\VS\\pitchforkForms\\PitchforkForms_Backend\\middlewares\\authMiddleware.js": {"path":"D:\\ME\\VS\\pitchforkForms\\PitchforkForms_Backend\\middlewares\\authMiddleware.js","statementMap":{"0":{"start":{"line":1,"column":12},"end":{"line":1,"column":35}},"1":{"start":{"line":2,"column":15},"end":{"line":2,"column":32}},"2":{"start":{"line":3,"column":0},"end":{"line":3,"column":15}},"3":{"start":{"line":5,"column":24},"end":{"line":15,"column":1}},"4":{"start":{"line":6,"column":23},"end":{"line":6,"column":51}},"5":{"start":{"line":7,"column":18},"end":{"line":7,"column":54}},"6":{"start":{"line":8,"column":4},"end":{"line":8,"column":76}},"7":{"start":{"line":8,"column":15},"end":{"line":8,"column":76}},"8":{"start":{"line":10,"column":4},"end":{"line":14,"column":6}},"9":{"start":{"line":11,"column":8},"end":{"line":11,"column":81}},"10":{"start":{"line":11,"column":17},"end":{"line":11,"column":81}},"11":{"start":{"line":12,"column":8},"end":{"line":12,"column":23}},"12":{"start":{"line":13,"column":8},"end":{"line":13,"column":14}},"13":{"start":{"line":16,"column":0},"end":{"line":16,"column":34}}},"fnMap":{"0":{"name":"(anonymous_0)","decl":{"start":{"line":5,"column":24},"end":{"line":5,"column":25}},"loc":{"start":{"line":5,"column":40},"end":{"line":15,"column":1}},"line":5},"1":{"name":"(anonymous_1)","decl":{"start":{"line":10,"column":44},"end":{"line":10,"column":45}},"loc":{"start":{"line":10,"column":56},"end":{"line":14,"column":5}},"line":10}},"branchMap":{"0":{"loc":{"start":{"line":7,"column":18},"end":{"line":7,"column":54}},"type":"binary-expr","locations":[{"start":{"line":7,"column":18},"end":{"line":7,"column":28}},{"start":{"line":7,"column":30},"end":{"line":7,"column":54}}],"line":7},"1":{"loc":{"start":{"line":8,"column":4},"end":{"line":8,"column":76}},"type":"if","locations":[{"start":{"line":8,"column":4},"end":{"line":8,"column":76}},{"start":{},"end":{}}],"line":8},"2":{"loc":{"start":{"line":11,"column":8},"end":{"line":11,"column":81}},"type":"if","locations":[{"start":{"line":11,"column":8},"end":{"line":11,"column":81}},{"start":{},"end":{}}],"line":11}},"s":{"0":1,"1":1,"2":1,"3":1,"4":0,"5":0,"6":0,"7":0,"8":0,"9":0,"10":0,"11":0,"12":0,"13":1},"f":{"0":0,"1":0},"b":{"0":[0,0],"1":[0,0],"2":[0,0]},"_coverageSchema":"1a1c01bbd47fc00a2c39e90264f33305004495a9","hash":"5904425d33d631294a72f1f1b9eb450ac9afa13b"}
,"D:\\ME\\VS\\pitchforkForms\\PitchforkForms_Backend\\routes\\userAuth.js": {"path":"D:\\ME\\VS\\pitchforkForms\\PitchforkForms_Backend\\routes\\userAuth.js","statementMap":{"0":{"start":{"line":1,"column":16},"end":{"line":1,"column":34}},"1":{"start":{"line":2,"column":12},"end":{"line":2,"column":35}},"2":{"start":{"line":3,"column":15},"end":{"line":3,"column":34}},"3":{"start":{"line":4,"column":15},"end":{"line":4,"column":32}},"4":{"start":{"line":5,"column":21},"end":{"line":5,"column":45}},"5":{"start":{"line":6,"column":11},"end":{"line":6,"column":40}},"6":{"start":{"line":7,"column":26},"end":{"line":7,"column":66}},"7":{"start":{"line":8,"column":16},"end":{"line":8,"column":47}},"8":{"start":{"line":10,"column":0},"end":{"line":10,"column":15}},"9":{"start":{"line":12,"column":15},"end":{"line":12,"column":31}},"10":{"start":{"line":13,"column":0},"end":{"line":13,"column":27}},"11":{"start":{"line":15,"column":28},"end":{"line":15,"column":37}},"12":{"start":{"line":16,"column":19},"end":{"line":16,"column":41}},"13":{"start":{"line":19,"column":0},"end":{"line":42,"column":3}},"14":{"start":{"line":20,"column":55},"end":{"line":20,"column":63}},"15":{"start":{"line":22,"column":4},"end":{"line":24,"column":5}},"16":{"start":{"line":23,"column":8},"end":{"line":23,"column":74}},"17":{"start":{"line":26,"column":4},"end":{"line":41,"column":5}},"18":{"start":{"line":27,"column":29},"end":{"line":27,"column":60}},"19":{"start":{"line":28,"column":21},"end":{"line":28,"column":30}},"20":{"start":{"line":29,"column":20},"end":{"line":29,"column":114}},"21":{"start":{"line":31,"column":25},"end":{"line":31,"column":95}},"22":{"start":{"line":32,"column":8},"end":{"line":37,"column":9}},"23":{"start":{"line":33,"column":12},"end":{"line":33,"column":60}},"24":{"start":{"line":36,"column":12},"end":{"line":36,"column":70}},"25":{"start":{"line":39,"column":8},"end":{"line":39,"column":29}},"26":{"start":{"line":40,"column":8},"end":{"line":40,"column":80}},"27":{"start":{"line":45,"column":0},"end":{"line":89,"column":3}},"28":{"start":{"line":46,"column":32},"end":{"line":46,"column":40}},"29":{"start":{"line":48,"column":4},"end":{"line":50,"column":5}},"30":{"start":{"line":49,"column":8},"end":{"line":49,"column":79}},"31":{"start":{"line":52,"column":16},"end":{"line":52,"column":53}},"32":{"start":{"line":53,"column":4},"end":{"line":88,"column":7}},"33":{"start":{"line":54,"column":8},"end":{"line":57,"column":9}},"34":{"start":{"line":55,"column":12},"end":{"line":55,"column":45}},"35":{"start":{"line":56,"column":12},"end":{"line":56,"column":69}},"36":{"start":{"line":58,"column":8},"end":{"line":60,"column":9}},"37":{"start":{"line":59,"column":12},"end":{"line":59,"column":81}},"38":{"start":{"line":61,"column":21},"end":{"line":61,"column":31}},"39":{"start":{"line":62,"column":24},"end":{"line":62,"column":74}},"40":{"start":{"line":63,"column":8},"end":{"line":65,"column":9}},"41":{"start":{"line":64,"column":12},"end":{"line":64,"column":81}},"42":{"start":{"line":68,"column":22},"end":{"line":72,"column":9}},"43":{"start":{"line":74,"column":29},"end":{"line":78,"column":9}},"44":{"start":{"line":80,"column":8},"end":{"line":80,"column":45}},"45":{"start":{"line":81,"column":8},"end":{"line":86,"column":10}},"46":{"start":{"line":87,"column":8},"end":{"line":87,"column":137}},"47":{"start":{"line":93,"column":0},"end":{"line":111,"column":3}},"48":{"start":{"line":94,"column":4},"end":{"line":110,"column":5}},"49":{"start":{"line":95,"column":26},"end":{"line":95,"column":63}},"50":{"start":{"line":96,"column":24},"end":{"line":96,"column":63}},"51":{"start":{"line":98,"column":8},"end":{"line":100,"column":9}},"52":{"start":{"line":99,"column":12},"end":{"line":99,"column":89}},"53":{"start":{"line":102,"column":8},"end":{"line":106,"column":11}},"54":{"start":{"line":108,"column":8},"end":{"line":108,"column":62}},"55":{"start":{"line":109,"column":8},"end":{"line":109,"column":83}},"56":{"start":{"line":115,"column":0},"end":{"line":162,"column":2}},"57":{"start":{"line":116,"column":28},"end":{"line":116,"column":52}},"58":{"start":{"line":117,"column":4},"end":{"line":118,"column":76}},"59":{"start":{"line":118,"column":8},"end":{"line":118,"column":76}},"60":{"start":{"line":121,"column":4},"end":{"line":122,"column":89}},"61":{"start":{"line":122,"column":8},"end":{"line":122,"column":89}},"62":{"start":{"line":124,"column":4},"end":{"line":161,"column":6}},"63":{"start":{"line":125,"column":8},"end":{"line":126,"column":87}},"64":{"start":{"line":126,"column":12},"end":{"line":126,"column":87}},"65":{"start":{"line":128,"column":8},"end":{"line":128,"column":51}},"66":{"start":{"line":130,"column":31},"end":{"line":134,"column":9}},"67":{"start":{"line":135,"column":32},"end":{"line":139,"column":9}},"68":{"start":{"line":141,"column":8},"end":{"line":141,"column":48}},"69":{"start":{"line":142,"column":8},"end":{"line":147,"column":10}},"70":{"start":{"line":149,"column":26},"end":{"line":149,"column":78}},"71":{"start":{"line":150,"column":8},"end":{"line":160,"column":10}},"72":{"start":{"line":151,"column":12},"end":{"line":154,"column":13}},"73":{"start":{"line":152,"column":16},"end":{"line":152,"column":48}},"74":{"start":{"line":153,"column":16},"end":{"line":153,"column":65}},"75":{"start":{"line":155,"column":12},"end":{"line":157,"column":13}},"76":{"start":{"line":156,"column":16},"end":{"line":156,"column":93}},"77":{"start":{"line":159,"column":12},"end":{"line":159,"column":110}},"78":{"start":{"line":166,"column":0},"end":{"line":172,"column":2}},"79":{"start":{"line":167,"column":25},"end":{"line":167,"column":49}},"80":{"start":{"line":168,"column":4},"end":{"line":168,"column":62}},"81":{"start":{"line":168,"column":22},"end":{"line":168,"column":62}},"82":{"start":{"line":170,"column":4},"end":{"line":170,"column":35}},"83":{"start":{"line":171,"column":4},"end":{"line":171,"column":53}},"84":{"start":{"line":176,"column":0},"end":{"line":176,"column":24}}},"fnMap":{"0":{"name":"(anonymous_0)","decl":{"start":{"line":19,"column":25},"end":{"line":19,"column":26}},"loc":{"start":{"line":19,"column":45},"end":{"line":42,"column":1}},"line":19},"1":{"name":"(anonymous_1)","decl":{"start":{"line":45,"column":22},"end":{"line":45,"column":23}},"loc":{"start":{"line":45,"column":36},"end":{"line":89,"column":1}},"line":45},"2":{"name":"(anonymous_2)","decl":{"start":{"line":53,"column":27},"end":{"line":53,"column":28}},"loc":{"start":{"line":53,"column":51},"end":{"line":88,"column":5}},"line":53},"3":{"name":"(anonymous_3)","decl":{"start":{"line":93,"column":37},"end":{"line":93,"column":38}},"loc":{"start":{"line":93,"column":57},"end":{"line":111,"column":1}},"line":93},"4":{"name":"(anonymous_4)","decl":{"start":{"line":115,"column":24},"end":{"line":115,"column":25}},"loc":{"start":{"line":115,"column":38},"end":{"line":162,"column":1}},"line":115},"5":{"name":"(anonymous_5)","decl":{"start":{"line":124,"column":60},"end":{"line":124,"column":61}},"loc":{"start":{"line":124,"column":75},"end":{"line":161,"column":5}},"line":124},"6":{"name":"(anonymous_6)","decl":{"start":{"line":150,"column":28},"end":{"line":150,"column":29}},"loc":{"start":{"line":150,"column":52},"end":{"line":160,"column":9}},"line":150},"7":{"name":"(anonymous_7)","decl":{"start":{"line":166,"column":23},"end":{"line":166,"column":24}},"loc":{"start":{"line":166,"column":37},"end":{"line":172,"column":1}},"line":166}},"branchMap":{"0":{"loc":{"start":{"line":22,"column":4},"end":{"line":24,"column":5}},"type":"if","locations":[{"start":{"line":22,"column":4},"end":{"line":24,"column":5}},{"start":{},"end":{}}],"line":22},"1":{"loc":{"start":{"line":22,"column":8},"end":{"line":22,"column":56}},"type":"binary-expr","locations":[{"start":{"line":22,"column":8},"end":{"line":22,"column":14}},{"start":{"line":22,"column":18},"end":{"line":22,"column":27}},{"start":{"line":22,"column":31},"end":{"line":22,"column":40}},{"start":{"line":22,"column":44},"end":{"line":22,"column":56}}],"line":22},"2":{"loc":{"start":{"line":32,"column":8},"end":{"line":37,"column":9}},"type":"if","locations":[{"start":{"line":32,"column":8},"end":{"line":37,"column":9}},{"start":{"line":35,"column":13},"end":{"line":37,"column":9}}],"line":32},"3":{"loc":{"start":{"line":48,"column":4},"end":{"line":50,"column":5}},"type":"if","locations":[{"start":{"line":48,"column":4},"end":{"line":50,"column":5}},{"start":{},"end":{}}],"line":48},"4":{"loc":{"start":{"line":48,"column":8},"end":{"line":48,"column":27}},"type":"binary-expr","locations":[{"start":{"line":48,"column":8},"end":{"line":48,"column":14}},{"start":{"line":48,"column":18},"end":{"line":48,"column":27}}],"line":48},"5":{"loc":{"start":{"line":54,"column":8},"end":{"line":57,"column":9}},"type":"if","locations":[{"start":{"line":54,"column":8},"end":{"line":57,"column":9}},{"start":{},"end":{}}],"line":54},"6":{"loc":{"start":{"line":58,"column":8},"end":{"line":60,"column":9}},"type":"if","locations":[{"start":{"line":58,"column":8},"end":{"line":60,"column":9}},{"start":{},"end":{}}],"line":58},"7":{"loc":{"start":{"line":63,"column":8},"end":{"line":65,"column":9}},"type":"if","locations":[{"start":{"line":63,"column":8},"end":{"line":65,"column":9}},{"start":{},"end":{}}],"line":63},"8":{"loc":{"start":{"line":98,"column":8},"end":{"line":100,"column":9}},"type":"if","locations":[{"start":{"line":98,"column":8},"end":{"line":100,"column":9}},{"start":{},"end":{}}],"line":98},"9":{"loc":{"start":{"line":117,"column":4},"end":{"line":118,"column":76}},"type":"if","locations":[{"start":{"line":117,"column":4},"end":{"line":118,"column":76}},{"start":{},"end":{}}],"line":117},"10":{"loc":{"start":{"line":121,"column":4},"end":{"line":122,"column":89}},"type":"if","locations":[{"start":{"line":121,"column":4},"end":{"line":122,"column":89}},{"start":{},"end":{}}],"line":121},"11":{"loc":{"start":{"line":125,"column":8},"end":{"line":126,"column":87}},"type":"if","locations":[{"start":{"line":125,"column":8},"end":{"line":126,"column":87}},{"start":{},"end":{}}],"line":125},"12":{"loc":{"start":{"line":151,"column":12},"end":{"line":154,"column":13}},"type":"if","locations":[{"start":{"line":151,"column":12},"end":{"line":154,"column":13}},{"start":{},"end":{}}],"line":151},"13":{"loc":{"start":{"line":155,"column":12},"end":{"line":157,"column":13}},"type":"if","locations":[{"start":{"line":155,"column":12},"end":{"line":157,"column":13}},{"start":{},"end":{}}],"line":155},"14":{"loc":{"start":{"line":168,"column":4},"end":{"line":168,"column":62}},"type":"if","locations":[{"start":{"line":168,"column":4},"end":{"line":168,"column":62}},{"start":{},"end":{}}],"line":168}},"s":{"0":1,"1":1,"2":1,"3":1,"4":1,"5":1,"6":1,"7":1,"8":1,"9":1,"10":1,"11":1,"12":1,"13":1,"14":2,"15":2,"16":1,"17":1,"18":1,"19":1,"20":1,"21":1,"22":0,"23":0,"24":0,"25":0,"26":0,"27":1,"28":0,"29":0,"30":0,"31":0,"32":0,"33":0,"34":0,"35":0,"36":0,"37":0,"38":0,"39":0,"40":0,"41":0,"42":0,"43":0,"44":0,"45":0,"46":0,"47":1,"48":0,"49":0,"50":0,"51":0,"52":0,"53":0,"54":0,"55":0,"56":1,"57":0,"58":0,"59":0,"60":0,"61":0,"62":0,"63":0,"64":0,"65":0,"66":0,"67":0,"68":0,"69":0,"70":0,"71":0,"72":0,"73":0,"74":0,"75":0,"76":0,"77":0,"78":1,"79":0,"80":0,"81":0,"82":0,"83":0,"84":1},"f":{"0":2,"1":0,"2":0,"3":0,"4":0,"5":0,"6":0,"7":0},"b":{"0":[1,1],"1":[2,2,2,2],"2":[0,0],"3":[0,0],"4":[0,0],"5":[0,0],"6":[0,0],"7":[0,0],"8":[0,0],"9":[0,0],"10":[0,0],"11":[0,0],"12":[0,0],"13":[0,0],"14":[0,0]},"_coverageSchema":"1a1c01bbd47fc00a2c39e90264f33305004495a9","hash":"018d4cebfc812c86a251077c6da96ca9f5e149c8"}
,"D:\\ME\\VS\\pitchforkForms\\PitchforkForms_Backend\\utils\\queryHelper.js": {"path":"D:\\ME\\VS\\pitchforkForms\\PitchforkForms_Backend\\utils\\queryHelper.js","statementMap":{"0":{"start":{"line":1,"column":11},"end":{"line":1,"column":40}},"1":{"start":{"line":4,"column":16},"end":{"line":11,"column":1}},"2":{"start":{"line":5,"column":4},"end":{"line":10,"column":7}},"3":{"start":{"line":6,"column":8},"end":{"line":9,"column":11}},"4":{"start":{"line":7,"column":12},"end":{"line":8,"column":34}},"5":{"start":{"line":7,"column":21},"end":{"line":7,"column":33}},"6":{"start":{"line":8,"column":17},"end":{"line":8,"column":34}},"7":{"start":{"line":13,"column":0},"end":{"line":13,"column":24}}},"fnMap":{"0":{"name":"(anonymous_0)","decl":{"start":{"line":4,"column":16},"end":{"line":4,"column":17}},"loc":{"start":{"line":4,"column":38},"end":{"line":11,"column":1}},"line":4},"1":{"name":"(anonymous_1)","decl":{"start":{"line":5,"column":23},"end":{"line":5,"column":24}},"loc":{"start":{"line":5,"column":44},"end":{"line":10,"column":5}},"line":5},"2":{"name":"(anonymous_2)","decl":{"start":{"line":6,"column":30},"end":{"line":6,"column":31}},"loc":{"start":{"line":6,"column":48},"end":{"line":9,"column":9}},"line":6}},"branchMap":{"0":{"loc":{"start":{"line":4,"column":22},"end":{"line":4,"column":33}},"type":"default-arg","locations":[{"start":{"line":4,"column":31},"end":{"line":4,"column":33}}],"line":4},"1":{"loc":{"start":{"line":7,"column":12},"end":{"line":8,"column":34}},"type":"if","locations":[{"start":{"line":7,"column":12},"end":{"line":8,"column":34}},{"start":{"line":8,"column":17},"end":{"line":8,"column":34}}],"line":7}},"s":{"0":1,"1":1,"2":1,"3":1,"4":0,"5":0,"6":0,"7":1},"f":{"0":1,"1":1,"2":0},"b":{"0":[0],"1":[0,0]},"_coverageSchema":"1a1c01bbd47fc00a2c39e90264f33305004495a9","hash":"f58d48bb1a0285197287f90cfbbc7b5e682736ad"}
}
