{"D:\\ME\\VS\\pitchforkForms\\PitchforkForms_Backend\\middlewares\\authMiddleware.js": {"path":"D:\\ME\\VS\\pitchforkForms\\PitchforkForms_Backend\\middlewares\\authMiddleware.js","statementMap":{"0":{"start":{"line":1,"column":12},"end":{"line":1,"column":35}},"1":{"start":{"line":2,"column":15},"end":{"line":2,"column":32}},"2":{"start":{"line":3,"column":0},"end":{"line":3,"column":15}},"3":{"start":{"line":5,"column":24},"end":{"line":15,"column":1}},"4":{"start":{"line":6,"column":23},"end":{"line":6,"column":51}},"5":{"start":{"line":7,"column":18},"end":{"line":7,"column":54}},"6":{"start":{"line":8,"column":4},"end":{"line":8,"column":76}},"7":{"start":{"line":8,"column":15},"end":{"line":8,"column":76}},"8":{"start":{"line":10,"column":4},"end":{"line":14,"column":6}},"9":{"start":{"line":11,"column":8},"end":{"line":11,"column":81}},"10":{"start":{"line":11,"column":17},"end":{"line":11,"column":81}},"11":{"start":{"line":12,"column":8},"end":{"line":12,"column":23}},"12":{"start":{"line":13,"column":8},"end":{"line":13,"column":14}},"13":{"start":{"line":16,"column":0},"end":{"line":16,"column":34}}},"fnMap":{"0":{"name":"(anonymous_0)","decl":{"start":{"line":5,"column":24},"end":{"line":5,"column":25}},"loc":{"start":{"line":5,"column":40},"end":{"line":15,"column":1}},"line":5},"1":{"name":"(anonymous_1)","decl":{"start":{"line":10,"column":44},"end":{"line":10,"column":45}},"loc":{"start":{"line":10,"column":56},"end":{"line":14,"column":5}},"line":10}},"branchMap":{"0":{"loc":{"start":{"line":7,"column":18},"end":{"line":7,"column":54}},"type":"binary-expr","locations":[{"start":{"line":7,"column":18},"end":{"line":7,"column":28}},{"start":{"line":7,"column":30},"end":{"line":7,"column":54}}],"line":7},"1":{"loc":{"start":{"line":8,"column":4},"end":{"line":8,"column":76}},"type":"if","locations":[{"start":{"line":8,"column":4},"end":{"line":8,"column":76}},{"start":{},"end":{}}],"line":8},"2":{"loc":{"start":{"line":11,"column":8},"end":{"line":11,"column":81}},"type":"if","locations":[{"start":{"line":11,"column":8},"end":{"line":11,"column":81}},{"start":{},"end":{}}],"line":11}},"s":{"0":2,"1":2,"2":2,"3":2,"4":9,"5":9,"6":9,"7":0,"8":9,"9":9,"10":0,"11":9,"12":9,"13":2},"f":{"0":9,"1":9},"b":{"0":[9,9],"1":[0,9],"2":[0,9]},"_coverageSchema":"1a1c01bbd47fc00a2c39e90264f33305004495a9","hash":"5904425d33d631294a72f1f1b9eb450ac9afa13b"}
,"D:\\ME\\VS\\pitchforkForms\\PitchforkForms_Backend\\middlewares\\roleCheckMiddleware.js": {"path":"D:\\ME\\VS\\pitchforkForms\\PitchforkForms_Backend\\middlewares\\roleCheckMiddleware.js","statementMap":{"0":{"start":{"line":1,"column":14},"end":{"line":6,"column":1}},"1":{"start":{"line":2,"column":4},"end":{"line":4,"column":5}},"2":{"start":{"line":3,"column":8},"end":{"line":3,"column":80}},"3":{"start":{"line":5,"column":4},"end":{"line":5,"column":10}},"4":{"start":{"line":8,"column":0},"end":{"line":8,"column":24}}},"fnMap":{"0":{"name":"(anonymous_0)","decl":{"start":{"line":1,"column":14},"end":{"line":1,"column":15}},"loc":{"start":{"line":1,"column":30},"end":{"line":6,"column":1}},"line":1}},"branchMap":{"0":{"loc":{"start":{"line":2,"column":4},"end":{"line":4,"column":5}},"type":"if","locations":[{"start":{"line":2,"column":4},"end":{"line":4,"column":5}},{"start":{},"end":{}}],"line":2}},"s":{"0":1,"1":0,"2":0,"3":0,"4":1},"f":{"0":0},"b":{"0":[0,0]},"_coverageSchema":"1a1c01bbd47fc00a2c39e90264f33305004495a9","hash":"33081e5581fc9a09936d7df9859543869568311e"}
,"D:\\ME\\VS\\pitchforkForms\\PitchforkForms_Backend\\routes\\formRoutes.js": {"path":"D:\\ME\\VS\\pitchforkForms\\PitchforkForms_Backend\\routes\\formRoutes.js","statementMap":{"0":{"start":{"line":1,"column":16},"end":{"line":1,"column":34}},"1":{"start":{"line":2,"column":11},"end":{"line":2,"column":40}},"2":{"start":{"line":3,"column":15},"end":{"line":3,"column":32}},"3":{"start":{"line":4,"column":26},"end":{"line":4,"column":66}},"4":{"start":{"line":5,"column":16},"end":{"line":5,"column":47}},"5":{"start":{"line":6,"column":19},"end":{"line":6,"column":49}},"6":{"start":{"line":8,"column":0},"end":{"line":8,"column":16}},"7":{"start":{"line":9,"column":15},"end":{"line":9,"column":31}},"8":{"start":{"line":11,"column":25},"end":{"line":20,"column":1}},"9":{"start":{"line":13,"column":20},"end":{"line":13,"column":22}},"10":{"start":{"line":14,"column":4},"end":{"line":18,"column":5}},"11":{"start":{"line":15,"column":24},"end":{"line":15,"column":36}},"12":{"start":{"line":16,"column":28},"end":{"line":16,"column":108}},"13":{"start":{"line":17,"column":8},"end":{"line":17,"column":84}},"14":{"start":{"line":19,"column":4},"end":{"line":19,"column":20}},"15":{"start":{"line":23,"column":0},"end":{"line":37,"column":3}},"16":{"start":{"line":24,"column":23},"end":{"line":24,"column":32}},"17":{"start":{"line":25,"column":4},"end":{"line":27,"column":5}},"18":{"start":{"line":26,"column":8},"end":{"line":26,"column":83}},"19":{"start":{"line":28,"column":4},"end":{"line":36,"column":5}},"20":{"start":{"line":29,"column":20},"end":{"line":29,"column":106}},"21":{"start":{"line":30,"column":8},"end":{"line":30,"column":46}},"22":{"start":{"line":32,"column":8},"end":{"line":32,"column":24}},"23":{"start":{"line":34,"column":8},"end":{"line":34,"column":43}},"24":{"start":{"line":35,"column":8},"end":{"line":35,"column":58}},"25":{"start":{"line":40,"column":0},"end":{"line":86,"column":3}},"26":{"start":{"line":41,"column":24},"end":{"line":41,"column":32}},"27":{"start":{"line":43,"column":4},"end":{"line":45,"column":5}},"28":{"start":{"line":44,"column":8},"end":{"line":44,"column":69}},"29":{"start":{"line":47,"column":4},"end":{"line":85,"column":5}},"30":{"start":{"line":49,"column":22},"end":{"line":59,"column":9}},"31":{"start":{"line":61,"column":24},"end":{"line":61,"column":55}},"32":{"start":{"line":63,"column":8},"end":{"line":65,"column":9}},"33":{"start":{"line":64,"column":12},"end":{"line":64,"column":75}},"34":{"start":{"line":68,"column":21},"end":{"line":79,"column":9}},"35":{"start":{"line":72,"column":43},"end":{"line":78,"column":13}},"36":{"start":{"line":81,"column":8},"end":{"line":81,"column":23}},"37":{"start":{"line":83,"column":8},"end":{"line":83,"column":43}},"38":{"start":{"line":84,"column":8},"end":{"line":84,"column":58}},"39":{"start":{"line":88,"column":0},"end":{"line":139,"column":3}},"40":{"start":{"line":89,"column":32},"end":{"line":89,"column":40}},"41":{"start":{"line":91,"column":4},"end":{"line":93,"column":5}},"42":{"start":{"line":92,"column":8},"end":{"line":92,"column":79}},"43":{"start":{"line":95,"column":4},"end":{"line":138,"column":7}},"44":{"start":{"line":96,"column":8},"end":{"line":99,"column":9}},"45":{"start":{"line":97,"column":12},"end":{"line":97,"column":52}},"46":{"start":{"line":98,"column":12},"end":{"line":98,"column":69}},"47":{"start":{"line":101,"column":8},"end":{"line":137,"column":9}},"48":{"start":{"line":102,"column":31},"end":{"line":102,"column":119}},"49":{"start":{"line":103,"column":27},"end":{"line":103,"column":46}},"50":{"start":{"line":105,"column":12},"end":{"line":121,"column":13}},"51":{"start":{"line":106,"column":55},"end":{"line":106,"column":63}},"52":{"start":{"line":108,"column":39},"end":{"line":111,"column":17}},"53":{"start":{"line":112,"column":35},"end":{"line":112,"column":58}},"54":{"start":{"line":114,"column":16},"end":{"line":120,"column":17}},"55":{"start":{"line":115,"column":47},"end":{"line":115,"column":53}},"56":{"start":{"line":116,"column":20},"end":{"line":119,"column":22}},"57":{"start":{"line":123,"column":12},"end":{"line":131,"column":15}},"58":{"start":{"line":124,"column":16},"end":{"line":129,"column":17}},"59":{"start":{"line":125,"column":20},"end":{"line":128,"column":23}},"60":{"start":{"line":126,"column":24},"end":{"line":126,"column":59}},"61":{"start":{"line":127,"column":24},"end":{"line":127,"column":74}},"62":{"start":{"line":130,"column":16},"end":{"line":130,"column":89}},"63":{"start":{"line":133,"column":12},"end":{"line":136,"column":15}},"64":{"start":{"line":134,"column":16},"end":{"line":134,"column":50}},"65":{"start":{"line":135,"column":16},"end":{"line":135,"column":88}},"66":{"start":{"line":141,"column":0},"end":{"line":208,"column":3}},"67":{"start":{"line":142,"column":19},"end":{"line":142,"column":32}},"68":{"start":{"line":143,"column":32},"end":{"line":143,"column":40}},"69":{"start":{"line":145,"column":4},"end":{"line":147,"column":5}},"70":{"start":{"line":146,"column":8},"end":{"line":146,"column":79}},"71":{"start":{"line":149,"column":4},"end":{"line":207,"column":7}},"72":{"start":{"line":150,"column":8},"end":{"line":153,"column":9}},"73":{"start":{"line":151,"column":12},"end":{"line":151,"column":52}},"74":{"start":{"line":152,"column":12},"end":{"line":152,"column":69}},"75":{"start":{"line":155,"column":8},"end":{"line":206,"column":9}},"76":{"start":{"line":157,"column":12},"end":{"line":157,"column":116}},"77":{"start":{"line":159,"column":12},"end":{"line":190,"column":13}},"78":{"start":{"line":160,"column":71},"end":{"line":160,"column":79}},"79":{"start":{"line":162,"column":40},"end":{"line":162,"column":50}},"80":{"start":{"line":164,"column":16},"end":{"line":180,"column":17}},"81":{"start":{"line":166,"column":20},"end":{"line":169,"column":22}},"82":{"start":{"line":172,"column":20},"end":{"line":172,"column":107}},"83":{"start":{"line":175,"column":43},"end":{"line":178,"column":21}},"84":{"start":{"line":179,"column":20},"end":{"line":179,"column":64}},"85":{"start":{"line":183,"column":16},"end":{"line":189,"column":17}},"86":{"start":{"line":184,"column":47},"end":{"line":184,"column":53}},"87":{"start":{"line":185,"column":20},"end":{"line":188,"column":22}},"88":{"start":{"line":192,"column":12},"end":{"line":200,"column":15}},"89":{"start":{"line":193,"column":16},"end":{"line":198,"column":17}},"90":{"start":{"line":194,"column":20},"end":{"line":197,"column":23}},"91":{"start":{"line":195,"column":24},"end":{"line":195,"column":59}},"92":{"start":{"line":196,"column":24},"end":{"line":196,"column":74}},"93":{"start":{"line":199,"column":16},"end":{"line":199,"column":80}},"94":{"start":{"line":202,"column":12},"end":{"line":205,"column":15}},"95":{"start":{"line":203,"column":16},"end":{"line":203,"column":50}},"96":{"start":{"line":204,"column":16},"end":{"line":204,"column":88}},"97":{"start":{"line":210,"column":20},"end":{"line":244,"column":1}},"98":{"start":{"line":211,"column":21},"end":{"line":211,"column":22}},"99":{"start":{"line":212,"column":4},"end":{"line":242,"column":5}},"100":{"start":{"line":213,"column":29},"end":{"line":218,"column":22}},"101":{"start":{"line":220,"column":8},"end":{"line":220,"column":48}},"102":{"start":{"line":220,"column":39},"end":{"line":220,"column":48}},"103":{"start":{"line":222,"column":55},"end":{"line":222,"column":70}},"104":{"start":{"line":224,"column":8},"end":{"line":241,"column":9}},"105":{"start":{"line":225,"column":12},"end":{"line":227,"column":13}},"106":{"start":{"line":226,"column":16},"end":{"line":226,"column":36}},"107":{"start":{"line":228,"column":15},"end":{"line":241,"column":9}},"108":{"start":{"line":229,"column":12},"end":{"line":240,"column":13}},"109":{"start":{"line":230,"column":39},"end":{"line":234,"column":33}},"110":{"start":{"line":236,"column":35},"end":{"line":236,"column":64}},"111":{"start":{"line":237,"column":16},"end":{"line":239,"column":17}},"112":{"start":{"line":238,"column":20},"end":{"line":238,"column":53}},"113":{"start":{"line":243,"column":4},"end":{"line":243,"column":22}},"114":{"start":{"line":246,"column":0},"end":{"line":291,"column":3}},"115":{"start":{"line":247,"column":42},"end":{"line":247,"column":50}},"116":{"start":{"line":249,"column":4},"end":{"line":251,"column":5}},"117":{"start":{"line":250,"column":8},"end":{"line":250,"column":79}},"118":{"start":{"line":252,"column":23},"end":{"line":252,"column":49}},"119":{"start":{"line":253,"column":4},"end":{"line":290,"column":7}},"120":{"start":{"line":254,"column":8},"end":{"line":257,"column":9}},"121":{"start":{"line":255,"column":12},"end":{"line":255,"column":52}},"122":{"start":{"line":256,"column":12},"end":{"line":256,"column":69}},"123":{"start":{"line":259,"column":8},"end":{"line":289,"column":9}},"124":{"start":{"line":260,"column":37},"end":{"line":263,"column":13}},"125":{"start":{"line":264,"column":33},"end":{"line":264,"column":58}},"126":{"start":{"line":266,"column":12},"end":{"line":271,"column":13}},"127":{"start":{"line":267,"column":16},"end":{"line":270,"column":18}},"128":{"start":{"line":273,"column":12},"end":{"line":282,"column":15}},"129":{"start":{"line":274,"column":16},"end":{"line":279,"column":17}},"130":{"start":{"line":275,"column":20},"end":{"line":278,"column":23}},"131":{"start":{"line":276,"column":24},"end":{"line":276,"column":59}},"132":{"start":{"line":277,"column":24},"end":{"line":277,"column":89}},"133":{"start":{"line":281,"column":16},"end":{"line":281,"column":96}},"134":{"start":{"line":285,"column":12},"end":{"line":288,"column":15}},"135":{"start":{"line":286,"column":16},"end":{"line":286,"column":54}},"136":{"start":{"line":287,"column":16},"end":{"line":287,"column":106}},"137":{"start":{"line":293,"column":0},"end":{"line":330,"column":3}},"138":{"start":{"line":294,"column":24},"end":{"line":294,"column":32}},"139":{"start":{"line":296,"column":4},"end":{"line":298,"column":5}},"140":{"start":{"line":297,"column":8},"end":{"line":297,"column":72}},"141":{"start":{"line":300,"column":4},"end":{"line":329,"column":5}},"142":{"start":{"line":301,"column":21},"end":{"line":301,"column":82}},"143":{"start":{"line":302,"column":8},"end":{"line":304,"column":9}},"144":{"start":{"line":303,"column":12},"end":{"line":303,"column":79}},"145":{"start":{"line":306,"column":25},"end":{"line":306,"column":85}},"146":{"start":{"line":307,"column":20},"end":{"line":307,"column":30}},"147":{"start":{"line":309,"column":8},"end":{"line":321,"column":9}},"148":{"start":{"line":310,"column":32},"end":{"line":313,"column":13}},"149":{"start":{"line":315,"column":12},"end":{"line":320,"column":13}},"150":{"start":{"line":316,"column":16},"end":{"line":319,"column":18}},"151":{"start":{"line":322,"column":8},"end":{"line":322,"column":34}},"152":{"start":{"line":323,"column":8},"end":{"line":325,"column":11}},"153":{"start":{"line":327,"column":8},"end":{"line":327,"column":48}},"154":{"start":{"line":328,"column":8},"end":{"line":328,"column":90}},"155":{"start":{"line":332,"column":0},"end":{"line":368,"column":3}},"156":{"start":{"line":333,"column":19},"end":{"line":333,"column":32}},"157":{"start":{"line":335,"column":4},"end":{"line":367,"column":5}},"158":{"start":{"line":337,"column":21},"end":{"line":337,"column":80}},"159":{"start":{"line":339,"column":8},"end":{"line":341,"column":9}},"160":{"start":{"line":340,"column":12},"end":{"line":340,"column":93}},"161":{"start":{"line":344,"column":26},"end":{"line":344,"column":94}},"162":{"start":{"line":347,"column":8},"end":{"line":353,"column":9}},"163":{"start":{"line":348,"column":28},"end":{"line":351,"column":13}},"164":{"start":{"line":352,"column":12},"end":{"line":352,"column":39}},"165":{"start":{"line":355,"column":8},"end":{"line":363,"column":11}},"166":{"start":{"line":365,"column":8},"end":{"line":365,"column":62}},"167":{"start":{"line":366,"column":8},"end":{"line":366,"column":80}},"168":{"start":{"line":370,"column":0},"end":{"line":445,"column":3}},"169":{"start":{"line":371,"column":4},"end":{"line":444,"column":5}},"170":{"start":{"line":372,"column":26},"end":{"line":372,"column":39}},"171":{"start":{"line":375,"column":29},"end":{"line":379,"column":9}},"172":{"start":{"line":380,"column":24},"end":{"line":380,"column":64}},"173":{"start":{"line":382,"column":8},"end":{"line":384,"column":9}},"174":{"start":{"line":383,"column":12},"end":{"line":383,"column":75}},"175":{"start":{"line":387,"column":26},"end":{"line":392,"column":23}},"176":{"start":{"line":395,"column":28},"end":{"line":399,"column":23}},"177":{"start":{"line":402,"column":34},"end":{"line":406,"column":10}},"178":{"start":{"line":409,"column":26},"end":{"line":429,"column":10}},"179":{"start":{"line":410,"column":31},"end":{"line":410,"column":82}},"180":{"start":{"line":410,"column":55},"end":{"line":410,"column":81}},"181":{"start":{"line":411,"column":30},"end":{"line":411,"column":102}},"182":{"start":{"line":411,"column":59},"end":{"line":411,"column":84}},"183":{"start":{"line":413,"column":12},"end":{"line":428,"column":13}},"184":{"start":{"line":414,"column":16},"end":{"line":420,"column":18}},"185":{"start":{"line":422,"column":16},"end":{"line":427,"column":18}},"186":{"start":{"line":432,"column":28},"end":{"line":437,"column":9}},"187":{"start":{"line":439,"column":8},"end":{"line":439,"column":30}},"188":{"start":{"line":442,"column":8},"end":{"line":442,"column":62}},"189":{"start":{"line":443,"column":8},"end":{"line":443,"column":67}},"190":{"start":{"line":448,"column":0},"end":{"line":509,"column":3}},"191":{"start":{"line":449,"column":19},"end":{"line":449,"column":32}},"192":{"start":{"line":450,"column":19},"end":{"line":450,"column":30}},"193":{"start":{"line":452,"column":4},"end":{"line":508,"column":7}},"194":{"start":{"line":453,"column":8},"end":{"line":456,"column":9}},"195":{"start":{"line":454,"column":12},"end":{"line":454,"column":52}},"196":{"start":{"line":455,"column":12},"end":{"line":455,"column":69}},"197":{"start":{"line":458,"column":8},"end":{"line":507,"column":9}},"198":{"start":{"line":460,"column":25},"end":{"line":460,"column":111}},"199":{"start":{"line":462,"column":12},"end":{"line":464,"column":13}},"200":{"start":{"line":463,"column":16},"end":{"line":463,"column":121}},"201":{"start":{"line":467,"column":12},"end":{"line":471,"column":25}},"202":{"start":{"line":474,"column":12},"end":{"line":474,"column":81}},"203":{"start":{"line":477,"column":12},"end":{"line":477,"column":80}},"204":{"start":{"line":480,"column":12},"end":{"line":484,"column":25}},"205":{"start":{"line":487,"column":12},"end":{"line":487,"column":79}},"206":{"start":{"line":490,"column":12},"end":{"line":490,"column":70}},"207":{"start":{"line":492,"column":12},"end":{"line":501,"column":15}},"208":{"start":{"line":493,"column":16},"end":{"line":498,"column":17}},"209":{"start":{"line":494,"column":20},"end":{"line":497,"column":23}},"210":{"start":{"line":495,"column":24},"end":{"line":495,"column":59}},"211":{"start":{"line":496,"column":24},"end":{"line":496,"column":88}},"212":{"start":{"line":500,"column":16},"end":{"line":500,"column":66}},"213":{"start":{"line":503,"column":12},"end":{"line":506,"column":15}},"214":{"start":{"line":504,"column":16},"end":{"line":504,"column":65}},"215":{"start":{"line":505,"column":16},"end":{"line":505,"column":96}},"216":{"start":{"line":512,"column":0},"end":{"line":512,"column":24}}},"fnMap":{"0":{"name":"(anonymous_0)","decl":{"start":{"line":11,"column":25},"end":{"line":11,"column":26}},"loc":{"start":{"line":11,"column":42},"end":{"line":20,"column":1}},"line":11},"1":{"name":"(anonymous_1)","decl":{"start":{"line":23,"column":49},"end":{"line":23,"column":50}},"loc":{"start":{"line":23,"column":69},"end":{"line":37,"column":1}},"line":23},"2":{"name":"(anonymous_2)","decl":{"start":{"line":40,"column":43},"end":{"line":40,"column":44}},"loc":{"start":{"line":40,"column":63},"end":{"line":86,"column":1}},"line":40},"3":{"name":"(anonymous_3)","decl":{"start":{"line":72,"column":35},"end":{"line":72,"column":36}},"loc":{"start":{"line":72,"column":43},"end":{"line":78,"column":13}},"line":72},"4":{"name":"(anonymous_4)","decl":{"start":{"line":88,"column":46},"end":{"line":88,"column":47}},"loc":{"start":{"line":88,"column":66},"end":{"line":139,"column":1}},"line":88},"5":{"name":"(anonymous_5)","decl":{"start":{"line":95,"column":24},"end":{"line":95,"column":25}},"loc":{"start":{"line":95,"column":39},"end":{"line":138,"column":5}},"line":95},"6":{"name":"(anonymous_6)","decl":{"start":{"line":123,"column":22},"end":{"line":123,"column":23}},"loc":{"start":{"line":123,"column":31},"end":{"line":131,"column":13}},"line":123},"7":{"name":"(anonymous_7)","decl":{"start":{"line":125,"column":39},"end":{"line":125,"column":40}},"loc":{"start":{"line":125,"column":45},"end":{"line":128,"column":21}},"line":125},"8":{"name":"(anonymous_8)","decl":{"start":{"line":133,"column":24},"end":{"line":133,"column":25}},"loc":{"start":{"line":133,"column":30},"end":{"line":136,"column":13}},"line":133},"9":{"name":"(anonymous_9)","decl":{"start":{"line":141,"column":50},"end":{"line":141,"column":51}},"loc":{"start":{"line":141,"column":70},"end":{"line":208,"column":1}},"line":141},"10":{"name":"(anonymous_10)","decl":{"start":{"line":149,"column":24},"end":{"line":149,"column":25}},"loc":{"start":{"line":149,"column":39},"end":{"line":207,"column":5}},"line":149},"11":{"name":"(anonymous_11)","decl":{"start":{"line":192,"column":22},"end":{"line":192,"column":23}},"loc":{"start":{"line":192,"column":31},"end":{"line":200,"column":13}},"line":192},"12":{"name":"(anonymous_12)","decl":{"start":{"line":194,"column":39},"end":{"line":194,"column":40}},"loc":{"start":{"line":194,"column":45},"end":{"line":197,"column":21}},"line":194},"13":{"name":"(anonymous_13)","decl":{"start":{"line":202,"column":24},"end":{"line":202,"column":25}},"loc":{"start":{"line":202,"column":30},"end":{"line":205,"column":13}},"line":202},"14":{"name":"(anonymous_14)","decl":{"start":{"line":210,"column":20},"end":{"line":210,"column":21}},"loc":{"start":{"line":210,"column":39},"end":{"line":244,"column":1}},"line":210},"15":{"name":"(anonymous_15)","decl":{"start":{"line":246,"column":42},"end":{"line":246,"column":43}},"loc":{"start":{"line":246,"column":62},"end":{"line":291,"column":1}},"line":246},"16":{"name":"(anonymous_16)","decl":{"start":{"line":253,"column":24},"end":{"line":253,"column":25}},"loc":{"start":{"line":253,"column":39},"end":{"line":290,"column":5}},"line":253},"17":{"name":"(anonymous_17)","decl":{"start":{"line":273,"column":22},"end":{"line":273,"column":23}},"loc":{"start":{"line":273,"column":31},"end":{"line":282,"column":13}},"line":273},"18":{"name":"(anonymous_18)","decl":{"start":{"line":275,"column":39},"end":{"line":275,"column":40}},"loc":{"start":{"line":275,"column":45},"end":{"line":278,"column":21}},"line":275},"19":{"name":"(anonymous_19)","decl":{"start":{"line":285,"column":24},"end":{"line":285,"column":25}},"loc":{"start":{"line":285,"column":30},"end":{"line":288,"column":13}},"line":285},"20":{"name":"(anonymous_20)","decl":{"start":{"line":293,"column":52},"end":{"line":293,"column":53}},"loc":{"start":{"line":293,"column":72},"end":{"line":330,"column":1}},"line":293},"21":{"name":"(anonymous_21)","decl":{"start":{"line":332,"column":47},"end":{"line":332,"column":48}},"loc":{"start":{"line":332,"column":67},"end":{"line":368,"column":1}},"line":332},"22":{"name":"(anonymous_22)","decl":{"start":{"line":370,"column":40},"end":{"line":370,"column":41}},"loc":{"start":{"line":370,"column":60},"end":{"line":445,"column":1}},"line":370},"23":{"name":"(anonymous_23)","decl":{"start":{"line":409,"column":40},"end":{"line":409,"column":41}},"loc":{"start":{"line":409,"column":46},"end":{"line":429,"column":9}},"line":409},"24":{"name":"(anonymous_24)","decl":{"start":{"line":410,"column":48},"end":{"line":410,"column":49}},"loc":{"start":{"line":410,"column":55},"end":{"line":410,"column":81}},"line":410},"25":{"name":"(anonymous_25)","decl":{"start":{"line":411,"column":53},"end":{"line":411,"column":54}},"loc":{"start":{"line":411,"column":59},"end":{"line":411,"column":84}},"line":411},"26":{"name":"(anonymous_26)","decl":{"start":{"line":448,"column":53},"end":{"line":448,"column":54}},"loc":{"start":{"line":448,"column":73},"end":{"line":509,"column":1}},"line":448},"27":{"name":"(anonymous_27)","decl":{"start":{"line":452,"column":24},"end":{"line":452,"column":25}},"loc":{"start":{"line":452,"column":39},"end":{"line":508,"column":5}},"line":452},"28":{"name":"(anonymous_28)","decl":{"start":{"line":492,"column":22},"end":{"line":492,"column":23}},"loc":{"start":{"line":492,"column":31},"end":{"line":501,"column":13}},"line":492},"29":{"name":"(anonymous_29)","decl":{"start":{"line":494,"column":39},"end":{"line":494,"column":40}},"loc":{"start":{"line":494,"column":45},"end":{"line":497,"column":21}},"line":494},"30":{"name":"(anonymous_30)","decl":{"start":{"line":503,"column":24},"end":{"line":503,"column":25}},"loc":{"start":{"line":503,"column":30},"end":{"line":506,"column":13}},"line":503}},"branchMap":{"0":{"loc":{"start":{"line":25,"column":4},"end":{"line":27,"column":5}},"type":"if","locations":[{"start":{"line":25,"column":4},"end":{"line":27,"column":5}},{"start":{},"end":{}}],"line":25},"1":{"loc":{"start":{"line":43,"column":4},"end":{"line":45,"column":5}},"type":"if","locations":[{"start":{"line":43,"column":4},"end":{"line":45,"column":5}},{"start":{},"end":{}}],"line":43},"2":{"loc":{"start":{"line":63,"column":8},"end":{"line":65,"column":9}},"type":"if","locations":[{"start":{"line":63,"column":8},"end":{"line":65,"column":9}},{"start":{},"end":{}}],"line":63},"3":{"loc":{"start":{"line":77,"column":25},"end":{"line":77,"column":74}},"type":"cond-expr","locations":[{"start":{"line":77,"column":39},"end":{"line":77,"column":69}},{"start":{"line":77,"column":72},"end":{"line":77,"column":74}}],"line":77},"4":{"loc":{"start":{"line":91,"column":4},"end":{"line":93,"column":5}},"type":"if","locations":[{"start":{"line":91,"column":4},"end":{"line":93,"column":5}},{"start":{},"end":{}}],"line":91},"5":{"loc":{"start":{"line":91,"column":8},"end":{"line":91,"column":58}},"type":"binary-expr","locations":[{"start":{"line":91,"column":8},"end":{"line":91,"column":13}},{"start":{"line":91,"column":17},"end":{"line":91,"column":29}},{"start":{"line":91,"column":33},"end":{"line":91,"column":58}}],"line":91},"6":{"loc":{"start":{"line":96,"column":8},"end":{"line":99,"column":9}},"type":"if","locations":[{"start":{"line":96,"column":8},"end":{"line":99,"column":9}},{"start":{},"end":{}}],"line":96},"7":{"loc":{"start":{"line":124,"column":16},"end":{"line":129,"column":17}},"type":"if","locations":[{"start":{"line":124,"column":16},"end":{"line":129,"column":17}},{"start":{},"end":{}}],"line":124},"8":{"loc":{"start":{"line":145,"column":4},"end":{"line":147,"column":5}},"type":"if","locations":[{"start":{"line":145,"column":4},"end":{"line":147,"column":5}},{"start":{},"end":{}}],"line":145},"9":{"loc":{"start":{"line":145,"column":8},"end":{"line":145,"column":58}},"type":"binary-expr","locations":[{"start":{"line":145,"column":8},"end":{"line":145,"column":13}},{"start":{"line":145,"column":17},"end":{"line":145,"column":29}},{"start":{"line":145,"column":33},"end":{"line":145,"column":58}}],"line":145},"10":{"loc":{"start":{"line":150,"column":8},"end":{"line":153,"column":9}},"type":"if","locations":[{"start":{"line":150,"column":8},"end":{"line":153,"column":9}},{"start":{},"end":{}}],"line":150},"11":{"loc":{"start":{"line":164,"column":16},"end":{"line":180,"column":17}},"type":"if","locations":[{"start":{"line":164,"column":16},"end":{"line":180,"column":17}},{"start":{"line":173,"column":23},"end":{"line":180,"column":17}}],"line":164},"12":{"loc":{"start":{"line":193,"column":16},"end":{"line":198,"column":17}},"type":"if","locations":[{"start":{"line":193,"column":16},"end":{"line":198,"column":17}},{"start":{},"end":{}}],"line":193},"13":{"loc":{"start":{"line":220,"column":8},"end":{"line":220,"column":48}},"type":"if","locations":[{"start":{"line":220,"column":8},"end":{"line":220,"column":48}},{"start":{},"end":{}}],"line":220},"14":{"loc":{"start":{"line":224,"column":8},"end":{"line":241,"column":9}},"type":"if","locations":[{"start":{"line":224,"column":8},"end":{"line":241,"column":9}},{"start":{"line":228,"column":15},"end":{"line":241,"column":9}}],"line":224},"15":{"loc":{"start":{"line":225,"column":12},"end":{"line":227,"column":13}},"type":"if","locations":[{"start":{"line":225,"column":12},"end":{"line":227,"column":13}},{"start":{},"end":{}}],"line":225},"16":{"loc":{"start":{"line":228,"column":15},"end":{"line":241,"column":9}},"type":"if","locations":[{"start":{"line":228,"column":15},"end":{"line":241,"column":9}},{"start":{},"end":{}}],"line":228},"17":{"loc":{"start":{"line":229,"column":12},"end":{"line":240,"column":13}},"type":"if","locations":[{"start":{"line":229,"column":12},"end":{"line":240,"column":13}},{"start":{},"end":{}}],"line":229},"18":{"loc":{"start":{"line":237,"column":16},"end":{"line":239,"column":17}},"type":"if","locations":[{"start":{"line":237,"column":16},"end":{"line":239,"column":17}},{"start":{},"end":{}}],"line":237},"19":{"loc":{"start":{"line":249,"column":4},"end":{"line":251,"column":5}},"type":"if","locations":[{"start":{"line":249,"column":4},"end":{"line":251,"column":5}},{"start":{},"end":{}}],"line":249},"20":{"loc":{"start":{"line":249,"column":8},"end":{"line":249,"column":55}},"type":"binary-expr","locations":[{"start":{"line":249,"column":8},"end":{"line":249,"column":16}},{"start":{"line":249,"column":20},"end":{"line":249,"column":28}},{"start":{"line":249,"column":32},"end":{"line":249,"column":55}}],"line":249},"21":{"loc":{"start":{"line":254,"column":8},"end":{"line":257,"column":9}},"type":"if","locations":[{"start":{"line":254,"column":8},"end":{"line":257,"column":9}},{"start":{},"end":{}}],"line":254},"22":{"loc":{"start":{"line":274,"column":16},"end":{"line":279,"column":17}},"type":"if","locations":[{"start":{"line":274,"column":16},"end":{"line":279,"column":17}},{"start":{},"end":{}}],"line":274},"23":{"loc":{"start":{"line":296,"column":4},"end":{"line":298,"column":5}},"type":"if","locations":[{"start":{"line":296,"column":4},"end":{"line":298,"column":5}},{"start":{},"end":{}}],"line":296},"24":{"loc":{"start":{"line":302,"column":8},"end":{"line":304,"column":9}},"type":"if","locations":[{"start":{"line":302,"column":8},"end":{"line":304,"column":9}},{"start":{},"end":{}}],"line":302},"25":{"loc":{"start":{"line":315,"column":12},"end":{"line":320,"column":13}},"type":"if","locations":[{"start":{"line":315,"column":12},"end":{"line":320,"column":13}},{"start":{},"end":{}}],"line":315},"26":{"loc":{"start":{"line":339,"column":8},"end":{"line":341,"column":9}},"type":"if","locations":[{"start":{"line":339,"column":8},"end":{"line":341,"column":9}},{"start":{},"end":{}}],"line":339},"27":{"loc":{"start":{"line":382,"column":8},"end":{"line":384,"column":9}},"type":"if","locations":[{"start":{"line":382,"column":8},"end":{"line":384,"column":9}},{"start":{},"end":{}}],"line":382},"28":{"loc":{"start":{"line":411,"column":30},"end":{"line":411,"column":102}},"type":"binary-expr","locations":[{"start":{"line":411,"column":30},"end":{"line":411,"column":97}},{"start":{"line":411,"column":101},"end":{"line":411,"column":102}}],"line":411},"29":{"loc":{"start":{"line":413,"column":12},"end":{"line":428,"column":13}},"type":"if","locations":[{"start":{"line":413,"column":12},"end":{"line":428,"column":13}},{"start":{"line":421,"column":19},"end":{"line":428,"column":13}}],"line":413},"30":{"loc":{"start":{"line":453,"column":8},"end":{"line":456,"column":9}},"type":"if","locations":[{"start":{"line":453,"column":8},"end":{"line":456,"column":9}},{"start":{},"end":{}}],"line":453},"31":{"loc":{"start":{"line":462,"column":12},"end":{"line":464,"column":13}},"type":"if","locations":[{"start":{"line":462,"column":12},"end":{"line":464,"column":13}},{"start":{},"end":{}}],"line":462},"32":{"loc":{"start":{"line":493,"column":16},"end":{"line":498,"column":17}},"type":"if","locations":[{"start":{"line":493,"column":16},"end":{"line":498,"column":17}},{"start":{},"end":{}}],"line":493}},"s":{"0":1,"1":1,"2":1,"3":1,"4":1,"5":1,"6":1,"7":1,"8":1,"9":0,"10":0,"11":0,"12":0,"13":0,"14":0,"15":1,"16":0,"17":0,"18":0,"19":0,"20":0,"21":0,"22":0,"23":0,"24":0,"25":1,"26":0,"27":0,"28":0,"29":0,"30":0,"31":0,"32":0,"33":0,"34":0,"35":0,"36":0,"37":0,"38":0,"39":1,"40":3,"41":3,"42":1,"43":2,"44":2,"45":1,"46":1,"47":1,"48":1,"49":1,"50":1,"51":1,"52":1,"53":1,"54":1,"55":2,"56":2,"57":1,"58":1,"59":0,"60":0,"61":0,"62":1,"63":0,"64":0,"65":0,"66":1,"67":3,"68":3,"69":3,"70":1,"71":2,"72":2,"73":0,"74":0,"75":2,"76":2,"77":2,"78":2,"79":2,"80":2,"81":2,"82":1,"83":0,"84":0,"85":1,"86":2,"87":2,"88":1,"89":1,"90":0,"91":0,"92":0,"93":1,"94":1,"95":1,"96":1,"97":1,"98":0,"99":0,"100":0,"101":0,"102":0,"103":0,"104":0,"105":0,"106":0,"107":0,"108":0,"109":0,"110":0,"111":0,"112":0,"113":0,"114":1,"115":0,"116":0,"117":0,"118":0,"119":0,"120":0,"121":0,"122":0,"123":0,"124":0,"125":0,"126":0,"127":0,"128":0,"129":0,"130":0,"131":0,"132":0,"133":0,"134":0,"135":0,"136":0,"137":1,"138":0,"139":0,"140":0,"141":0,"142":0,"143":0,"144":0,"145":0,"146":0,"147":0,"148":0,"149":0,"150":0,"151":0,"152":0,"153":0,"154":0,"155":1,"156":0,"157":0,"158":0,"159":0,"160":0,"161":0,"162":0,"163":0,"164":0,"165":0,"166":0,"167":0,"168":1,"169":0,"170":0,"171":0,"172":0,"173":0,"174":0,"175":0,"176":0,"177":0,"178":0,"179":0,"180":0,"181":0,"182":0,"183":0,"184":0,"185":0,"186":0,"187":0,"188":0,"189":0,"190":1,"191":0,"192":0,"193":0,"194":0,"195":0,"196":0,"197":0,"198":0,"199":0,"200":0,"201":0,"202":0,"203":0,"204":0,"205":0,"206":0,"207":0,"208":0,"209":0,"210":0,"211":0,"212":0,"213":0,"214":0,"215":0,"216":1},"f":{"0":0,"1":0,"2":0,"3":0,"4":3,"5":2,"6":1,"7":0,"8":0,"9":3,"10":2,"11":1,"12":0,"13":1,"14":0,"15":0,"16":0,"17":0,"18":0,"19":0,"20":0,"21":0,"22":0,"23":0,"24":0,"25":0,"26":0,"27":0,"28":0,"29":0,"30":0},"b":{"0":[0,0],"1":[0,0],"2":[0,0],"3":[0,0],"4":[1,2],"5":[3,2,2],"6":[1,1],"7":[0,1],"8":[1,2],"9":[3,2,2],"10":[0,2],"11":[2,0],"12":[0,1],"13":[0,0],"14":[0,0],"15":[0,0],"16":[0,0],"17":[0,0],"18":[0,0],"19":[0,0],"20":[0,0,0],"21":[0,0],"22":[0,0],"23":[0,0],"24":[0,0],"25":[0,0],"26":[0,0],"27":[0,0],"28":[0,0],"29":[0,0],"30":[0,0],"31":[0,0],"32":[0,0]},"_coverageSchema":"1a1c01bbd47fc00a2c39e90264f33305004495a9","hash":"45d7976e73a1ee3a6fcd7c555721cb13d6d81074"}
,"D:\\ME\\VS\\pitchforkForms\\PitchforkForms_Backend\\routes\\userActions.js": {"path":"D:\\ME\\VS\\pitchforkForms\\PitchforkForms_Backend\\routes\\userActions.js","statementMap":{"0":{"start":{"line":1,"column":16},"end":{"line":1,"column":34}},"1":{"start":{"line":2,"column":15},"end":{"line":2,"column":32}},"2":{"start":{"line":3,"column":26},"end":{"line":3,"column":66}},"3":{"start":{"line":4,"column":16},"end":{"line":4,"column":61}},"4":{"start":{"line":5,"column":16},"end":{"line":5,"column":47}},"5":{"start":{"line":7,"column":0},"end":{"line":7,"column":15}},"6":{"start":{"line":9,"column":15},"end":{"line":9,"column":31}},"7":{"start":{"line":13,"column":0},"end":{"line":21,"column":3}},"8":{"start":{"line":14,"column":22},"end":{"line":14,"column":102}},"9":{"start":{"line":15,"column":4},"end":{"line":20,"column":5}},"10":{"start":{"line":16,"column":24},"end":{"line":16,"column":48}},"11":{"start":{"line":17,"column":8},"end":{"line":17,"column":26}},"12":{"start":{"line":19,"column":8},"end":{"line":19,"column":58}},"13":{"start":{"line":24,"column":0},"end":{"line":40,"column":3}},"14":{"start":{"line":25,"column":19},"end":{"line":25,"column":32}},"15":{"start":{"line":27,"column":4},"end":{"line":39,"column":5}},"16":{"start":{"line":28,"column":20},"end":{"line":28,"column":91}},"17":{"start":{"line":29,"column":24},"end":{"line":29,"column":52}},"18":{"start":{"line":31,"column":8},"end":{"line":33,"column":9}},"19":{"start":{"line":32,"column":12},"end":{"line":32,"column":81}},"20":{"start":{"line":35,"column":8},"end":{"line":35,"column":29}},"21":{"start":{"line":37,"column":8},"end":{"line":37,"column":39}},"22":{"start":{"line":38,"column":8},"end":{"line":38,"column":58}},"23":{"start":{"line":43,"column":0},"end":{"line":66,"column":3}},"24":{"start":{"line":44,"column":19},"end":{"line":44,"column":32}},"25":{"start":{"line":45,"column":45},"end":{"line":45,"column":53}},"26":{"start":{"line":47,"column":4},"end":{"line":49,"column":5}},"27":{"start":{"line":48,"column":8},"end":{"line":48,"column":95}},"28":{"start":{"line":51,"column":4},"end":{"line":65,"column":5}},"29":{"start":{"line":52,"column":20},"end":{"line":52,"column":92}},"30":{"start":{"line":53,"column":23},"end":{"line":53,"column":69}},"31":{"start":{"line":55,"column":23},"end":{"line":55,"column":49}},"32":{"start":{"line":57,"column":8},"end":{"line":59,"column":9}},"33":{"start":{"line":58,"column":12},"end":{"line":58,"column":83}},"34":{"start":{"line":61,"column":8},"end":{"line":61,"column":74}},"35":{"start":{"line":63,"column":8},"end":{"line":63,"column":43}},"36":{"start":{"line":64,"column":8},"end":{"line":64,"column":83}},"37":{"start":{"line":68,"column":32},"end":{"line":71,"column":1}},"38":{"start":{"line":69,"column":16},"end":{"line":69,"column":58}},"39":{"start":{"line":70,"column":19},"end":{"line":70,"column":47}},"40":{"start":{"line":74,"column":0},"end":{"line":91,"column":3}},"41":{"start":{"line":75,"column":19},"end":{"line":75,"column":32}},"42":{"start":{"line":77,"column":4},"end":{"line":90,"column":5}},"43":{"start":{"line":78,"column":8},"end":{"line":78,"column":39}},"44":{"start":{"line":79,"column":20},"end":{"line":79,"column":52}},"45":{"start":{"line":80,"column":23},"end":{"line":80,"column":51}},"46":{"start":{"line":82,"column":8},"end":{"line":84,"column":9}},"47":{"start":{"line":83,"column":12},"end":{"line":83,"column":83}},"48":{"start":{"line":86,"column":8},"end":{"line":86,"column":64}},"49":{"start":{"line":88,"column":8},"end":{"line":88,"column":43}},"50":{"start":{"line":89,"column":8},"end":{"line":89,"column":83}},"51":{"start":{"line":94,"column":0},"end":{"line":120,"column":3}},"52":{"start":{"line":95,"column":19},"end":{"line":95,"column":36}},"53":{"start":{"line":97,"column":4},"end":{"line":99,"column":5}},"54":{"start":{"line":98,"column":8},"end":{"line":98,"column":69}},"55":{"start":{"line":101,"column":4},"end":{"line":119,"column":5}},"56":{"start":{"line":102,"column":29},"end":{"line":113,"column":9}},"57":{"start":{"line":115,"column":8},"end":{"line":115,"column":42}},"58":{"start":{"line":117,"column":8},"end":{"line":117,"column":69}},"59":{"start":{"line":118,"column":8},"end":{"line":118,"column":80}},"60":{"start":{"line":123,"column":0},"end":{"line":158,"column":3}},"61":{"start":{"line":124,"column":19},"end":{"line":124,"column":36}},"62":{"start":{"line":126,"column":4},"end":{"line":128,"column":5}},"63":{"start":{"line":127,"column":8},"end":{"line":127,"column":69}},"64":{"start":{"line":130,"column":4},"end":{"line":157,"column":5}},"65":{"start":{"line":131,"column":31},"end":{"line":151,"column":9}},"66":{"start":{"line":153,"column":8},"end":{"line":153,"column":44}},"67":{"start":{"line":155,"column":8},"end":{"line":155,"column":73}},"68":{"start":{"line":156,"column":8},"end":{"line":156,"column":80}},"69":{"start":{"line":161,"column":0},"end":{"line":221,"column":3}},"70":{"start":{"line":162,"column":31},"end":{"line":162,"column":41}},"71":{"start":{"line":164,"column":4},"end":{"line":166,"column":5}},"72":{"start":{"line":165,"column":8},"end":{"line":165,"column":79}},"73":{"start":{"line":168,"column":4},"end":{"line":220,"column":5}},"74":{"start":{"line":170,"column":33},"end":{"line":183,"column":9}},"75":{"start":{"line":186,"column":37},"end":{"line":186,"column":86}},"76":{"start":{"line":189,"column":8},"end":{"line":191,"column":9}},"77":{"start":{"line":190,"column":12},"end":{"line":190,"column":94}},"78":{"start":{"line":194,"column":26},"end":{"line":194,"column":28}},"79":{"start":{"line":195,"column":8},"end":{"line":213,"column":11}},"80":{"start":{"line":196,"column":27},"end":{"line":196,"column":83}},"81":{"start":{"line":196,"column":49},"end":{"line":196,"column":82}},"82":{"start":{"line":198,"column":12},"end":{"line":205,"column":13}},"83":{"start":{"line":199,"column":16},"end":{"line":203,"column":18}},"84":{"start":{"line":204,"column":16},"end":{"line":204,"column":41}},"85":{"start":{"line":207,"column":12},"end":{"line":212,"column":15}},"86":{"start":{"line":216,"column":8},"end":{"line":216,"column":45}},"87":{"start":{"line":218,"column":8},"end":{"line":218,"column":61}},"88":{"start":{"line":219,"column":8},"end":{"line":219,"column":80}},"89":{"start":{"line":226,"column":0},"end":{"line":226,"column":23}}},"fnMap":{"0":{"name":"(anonymous_0)","decl":{"start":{"line":13,"column":49},"end":{"line":13,"column":50}},"loc":{"start":{"line":13,"column":69},"end":{"line":21,"column":1}},"line":13},"1":{"name":"(anonymous_1)","decl":{"start":{"line":24,"column":47},"end":{"line":24,"column":48}},"loc":{"start":{"line":24,"column":67},"end":{"line":40,"column":1}},"line":24},"2":{"name":"(anonymous_2)","decl":{"start":{"line":43,"column":44},"end":{"line":43,"column":45}},"loc":{"start":{"line":43,"column":64},"end":{"line":66,"column":1}},"line":43},"3":{"name":"(anonymous_3)","decl":{"start":{"line":68,"column":32},"end":{"line":68,"column":33}},"loc":{"start":{"line":68,"column":50},"end":{"line":71,"column":1}},"line":68},"4":{"name":"(anonymous_4)","decl":{"start":{"line":74,"column":47},"end":{"line":74,"column":48}},"loc":{"start":{"line":74,"column":67},"end":{"line":91,"column":1}},"line":74},"5":{"name":"(anonymous_5)","decl":{"start":{"line":94,"column":50},"end":{"line":94,"column":51}},"loc":{"start":{"line":94,"column":70},"end":{"line":120,"column":1}},"line":94},"6":{"name":"(anonymous_6)","decl":{"start":{"line":123,"column":58},"end":{"line":123,"column":59}},"loc":{"start":{"line":123,"column":78},"end":{"line":158,"column":1}},"line":123},"7":{"name":"(anonymous_7)","decl":{"start":{"line":161,"column":70},"end":{"line":161,"column":71}},"loc":{"start":{"line":161,"column":90},"end":{"line":221,"column":1}},"line":161},"8":{"name":"(anonymous_8)","decl":{"start":{"line":195,"column":37},"end":{"line":195,"column":38}},"loc":{"start":{"line":195,"column":46},"end":{"line":213,"column":9}},"line":195},"9":{"name":"(anonymous_9)","decl":{"start":{"line":196,"column":42},"end":{"line":196,"column":43}},"loc":{"start":{"line":196,"column":49},"end":{"line":196,"column":82}},"line":196}},"branchMap":{"0":{"loc":{"start":{"line":31,"column":8},"end":{"line":33,"column":9}},"type":"if","locations":[{"start":{"line":31,"column":8},"end":{"line":33,"column":9}},{"start":{},"end":{}}],"line":31},"1":{"loc":{"start":{"line":47,"column":4},"end":{"line":49,"column":5}},"type":"if","locations":[{"start":{"line":47,"column":4},"end":{"line":49,"column":5}},{"start":{},"end":{}}],"line":47},"2":{"loc":{"start":{"line":47,"column":8},"end":{"line":47,"column":27}},"type":"binary-expr","locations":[{"start":{"line":47,"column":8},"end":{"line":47,"column":14}},{"start":{"line":47,"column":18},"end":{"line":47,"column":27}}],"line":47},"3":{"loc":{"start":{"line":53,"column":41},"end":{"line":53,"column":60}},"type":"binary-expr","locations":[{"start":{"line":53,"column":41},"end":{"line":53,"column":52}},{"start":{"line":53,"column":56},"end":{"line":53,"column":60}}],"line":53},"4":{"loc":{"start":{"line":57,"column":8},"end":{"line":59,"column":9}},"type":"if","locations":[{"start":{"line":57,"column":8},"end":{"line":59,"column":9}},{"start":{},"end":{}}],"line":57},"5":{"loc":{"start":{"line":82,"column":8},"end":{"line":84,"column":9}},"type":"if","locations":[{"start":{"line":82,"column":8},"end":{"line":84,"column":9}},{"start":{},"end":{}}],"line":82},"6":{"loc":{"start":{"line":97,"column":4},"end":{"line":99,"column":5}},"type":"if","locations":[{"start":{"line":97,"column":4},"end":{"line":99,"column":5}},{"start":{},"end":{}}],"line":97},"7":{"loc":{"start":{"line":126,"column":4},"end":{"line":128,"column":5}},"type":"if","locations":[{"start":{"line":126,"column":4},"end":{"line":128,"column":5}},{"start":{},"end":{}}],"line":126},"8":{"loc":{"start":{"line":164,"column":4},"end":{"line":166,"column":5}},"type":"if","locations":[{"start":{"line":164,"column":4},"end":{"line":166,"column":5}},{"start":{},"end":{}}],"line":164},"9":{"loc":{"start":{"line":164,"column":8},"end":{"line":164,"column":26}},"type":"binary-expr","locations":[{"start":{"line":164,"column":8},"end":{"line":164,"column":15}},{"start":{"line":164,"column":19},"end":{"line":164,"column":26}}],"line":164},"10":{"loc":{"start":{"line":189,"column":8},"end":{"line":191,"column":9}},"type":"if","locations":[{"start":{"line":189,"column":8},"end":{"line":191,"column":9}},{"start":{},"end":{}}],"line":189},"11":{"loc":{"start":{"line":198,"column":12},"end":{"line":205,"column":13}},"type":"if","locations":[{"start":{"line":198,"column":12},"end":{"line":205,"column":13}},{"start":{},"end":{}}],"line":198}},"s":{"0":1,"1":1,"2":1,"3":1,"4":1,"5":1,"6":1,"7":1,"8":0,"9":0,"10":0,"11":0,"12":0,"13":1,"14":0,"15":0,"16":0,"17":0,"18":0,"19":0,"20":0,"21":0,"22":0,"23":1,"24":3,"25":3,"26":3,"27":1,"28":2,"29":2,"30":2,"31":2,"32":2,"33":1,"34":1,"35":0,"36":0,"37":1,"38":0,"39":0,"40":1,"41":0,"42":0,"43":0,"44":0,"45":0,"46":0,"47":0,"48":0,"49":0,"50":0,"51":1,"52":0,"53":0,"54":0,"55":0,"56":0,"57":0,"58":0,"59":0,"60":1,"61":0,"62":0,"63":0,"64":0,"65":0,"66":0,"67":0,"68":0,"69":1,"70":0,"71":0,"72":0,"73":0,"74":0,"75":0,"76":0,"77":0,"78":0,"79":0,"80":0,"81":0,"82":0,"83":0,"84":0,"85":0,"86":0,"87":0,"88":0,"89":1},"f":{"0":0,"1":0,"2":3,"3":0,"4":0,"5":0,"6":0,"7":0,"8":0,"9":0},"b":{"0":[0,0],"1":[1,2],"2":[3,2],"3":[2,0],"4":[1,1],"5":[0,0],"6":[0,0],"7":[0,0],"8":[0,0],"9":[0,0],"10":[0,0],"11":[0,0]},"_coverageSchema":"1a1c01bbd47fc00a2c39e90264f33305004495a9","hash":"2f763d2288068c072224b4f0242def75b5430c77"}
,"D:\\ME\\VS\\pitchforkForms\\PitchforkForms_Backend\\routes\\userAuth.js": {"path":"D:\\ME\\VS\\pitchforkForms\\PitchforkForms_Backend\\routes\\userAuth.js","statementMap":{"0":{"start":{"line":1,"column":16},"end":{"line":1,"column":34}},"1":{"start":{"line":2,"column":12},"end":{"line":2,"column":35}},"2":{"start":{"line":3,"column":15},"end":{"line":3,"column":34}},"3":{"start":{"line":4,"column":15},"end":{"line":4,"column":32}},"4":{"start":{"line":5,"column":21},"end":{"line":5,"column":45}},"5":{"start":{"line":6,"column":11},"end":{"line":6,"column":40}},"6":{"start":{"line":7,"column":26},"end":{"line":7,"column":66}},"7":{"start":{"line":8,"column":16},"end":{"line":8,"column":47}},"8":{"start":{"line":10,"column":0},"end":{"line":10,"column":15}},"9":{"start":{"line":12,"column":15},"end":{"line":12,"column":31}},"10":{"start":{"line":13,"column":0},"end":{"line":13,"column":27}},"11":{"start":{"line":15,"column":28},"end":{"line":15,"column":37}},"12":{"start":{"line":16,"column":19},"end":{"line":16,"column":41}},"13":{"start":{"line":19,"column":0},"end":{"line":42,"column":3}},"14":{"start":{"line":20,"column":55},"end":{"line":20,"column":63}},"15":{"start":{"line":22,"column":4},"end":{"line":24,"column":5}},"16":{"start":{"line":23,"column":8},"end":{"line":23,"column":74}},"17":{"start":{"line":26,"column":4},"end":{"line":41,"column":5}},"18":{"start":{"line":27,"column":29},"end":{"line":27,"column":60}},"19":{"start":{"line":28,"column":21},"end":{"line":28,"column":30}},"20":{"start":{"line":29,"column":20},"end":{"line":29,"column":114}},"21":{"start":{"line":31,"column":25},"end":{"line":31,"column":95}},"22":{"start":{"line":32,"column":8},"end":{"line":37,"column":9}},"23":{"start":{"line":33,"column":12},"end":{"line":33,"column":60}},"24":{"start":{"line":36,"column":12},"end":{"line":36,"column":70}},"25":{"start":{"line":39,"column":8},"end":{"line":39,"column":29}},"26":{"start":{"line":40,"column":8},"end":{"line":40,"column":80}},"27":{"start":{"line":45,"column":0},"end":{"line":89,"column":3}},"28":{"start":{"line":46,"column":32},"end":{"line":46,"column":40}},"29":{"start":{"line":48,"column":4},"end":{"line":50,"column":5}},"30":{"start":{"line":49,"column":8},"end":{"line":49,"column":79}},"31":{"start":{"line":52,"column":16},"end":{"line":52,"column":53}},"32":{"start":{"line":53,"column":4},"end":{"line":88,"column":7}},"33":{"start":{"line":54,"column":8},"end":{"line":57,"column":9}},"34":{"start":{"line":55,"column":12},"end":{"line":55,"column":45}},"35":{"start":{"line":56,"column":12},"end":{"line":56,"column":69}},"36":{"start":{"line":58,"column":8},"end":{"line":60,"column":9}},"37":{"start":{"line":59,"column":12},"end":{"line":59,"column":81}},"38":{"start":{"line":61,"column":21},"end":{"line":61,"column":31}},"39":{"start":{"line":62,"column":24},"end":{"line":62,"column":74}},"40":{"start":{"line":63,"column":8},"end":{"line":65,"column":9}},"41":{"start":{"line":64,"column":12},"end":{"line":64,"column":81}},"42":{"start":{"line":68,"column":22},"end":{"line":72,"column":9}},"43":{"start":{"line":74,"column":29},"end":{"line":78,"column":9}},"44":{"start":{"line":80,"column":8},"end":{"line":80,"column":45}},"45":{"start":{"line":81,"column":8},"end":{"line":86,"column":10}},"46":{"start":{"line":87,"column":8},"end":{"line":87,"column":137}},"47":{"start":{"line":93,"column":0},"end":{"line":111,"column":3}},"48":{"start":{"line":94,"column":4},"end":{"line":110,"column":5}},"49":{"start":{"line":95,"column":26},"end":{"line":95,"column":63}},"50":{"start":{"line":96,"column":24},"end":{"line":96,"column":63}},"51":{"start":{"line":98,"column":8},"end":{"line":100,"column":9}},"52":{"start":{"line":99,"column":12},"end":{"line":99,"column":89}},"53":{"start":{"line":102,"column":8},"end":{"line":106,"column":11}},"54":{"start":{"line":108,"column":8},"end":{"line":108,"column":62}},"55":{"start":{"line":109,"column":8},"end":{"line":109,"column":83}},"56":{"start":{"line":115,"column":0},"end":{"line":162,"column":2}},"57":{"start":{"line":116,"column":28},"end":{"line":116,"column":52}},"58":{"start":{"line":117,"column":4},"end":{"line":118,"column":76}},"59":{"start":{"line":118,"column":8},"end":{"line":118,"column":76}},"60":{"start":{"line":121,"column":4},"end":{"line":122,"column":89}},"61":{"start":{"line":122,"column":8},"end":{"line":122,"column":89}},"62":{"start":{"line":124,"column":4},"end":{"line":161,"column":6}},"63":{"start":{"line":125,"column":8},"end":{"line":126,"column":87}},"64":{"start":{"line":126,"column":12},"end":{"line":126,"column":87}},"65":{"start":{"line":128,"column":8},"end":{"line":128,"column":51}},"66":{"start":{"line":130,"column":31},"end":{"line":134,"column":9}},"67":{"start":{"line":135,"column":32},"end":{"line":139,"column":9}},"68":{"start":{"line":141,"column":8},"end":{"line":141,"column":48}},"69":{"start":{"line":142,"column":8},"end":{"line":147,"column":10}},"70":{"start":{"line":149,"column":26},"end":{"line":149,"column":69}},"71":{"start":{"line":150,"column":8},"end":{"line":160,"column":10}},"72":{"start":{"line":151,"column":12},"end":{"line":154,"column":13}},"73":{"start":{"line":152,"column":16},"end":{"line":152,"column":48}},"74":{"start":{"line":153,"column":16},"end":{"line":153,"column":65}},"75":{"start":{"line":155,"column":12},"end":{"line":157,"column":13}},"76":{"start":{"line":156,"column":16},"end":{"line":156,"column":93}},"77":{"start":{"line":159,"column":12},"end":{"line":159,"column":110}},"78":{"start":{"line":166,"column":0},"end":{"line":172,"column":2}},"79":{"start":{"line":167,"column":25},"end":{"line":167,"column":49}},"80":{"start":{"line":168,"column":4},"end":{"line":168,"column":62}},"81":{"start":{"line":168,"column":22},"end":{"line":168,"column":62}},"82":{"start":{"line":170,"column":4},"end":{"line":170,"column":35}},"83":{"start":{"line":171,"column":4},"end":{"line":171,"column":53}},"84":{"start":{"line":176,"column":0},"end":{"line":176,"column":24}}},"fnMap":{"0":{"name":"(anonymous_0)","decl":{"start":{"line":19,"column":25},"end":{"line":19,"column":26}},"loc":{"start":{"line":19,"column":45},"end":{"line":42,"column":1}},"line":19},"1":{"name":"(anonymous_1)","decl":{"start":{"line":45,"column":22},"end":{"line":45,"column":23}},"loc":{"start":{"line":45,"column":36},"end":{"line":89,"column":1}},"line":45},"2":{"name":"(anonymous_2)","decl":{"start":{"line":53,"column":27},"end":{"line":53,"column":28}},"loc":{"start":{"line":53,"column":51},"end":{"line":88,"column":5}},"line":53},"3":{"name":"(anonymous_3)","decl":{"start":{"line":93,"column":37},"end":{"line":93,"column":38}},"loc":{"start":{"line":93,"column":57},"end":{"line":111,"column":1}},"line":93},"4":{"name":"(anonymous_4)","decl":{"start":{"line":115,"column":24},"end":{"line":115,"column":25}},"loc":{"start":{"line":115,"column":38},"end":{"line":162,"column":1}},"line":115},"5":{"name":"(anonymous_5)","decl":{"start":{"line":124,"column":60},"end":{"line":124,"column":61}},"loc":{"start":{"line":124,"column":75},"end":{"line":161,"column":5}},"line":124},"6":{"name":"(anonymous_6)","decl":{"start":{"line":150,"column":38},"end":{"line":150,"column":39}},"loc":{"start":{"line":150,"column":62},"end":{"line":160,"column":9}},"line":150},"7":{"name":"(anonymous_7)","decl":{"start":{"line":166,"column":23},"end":{"line":166,"column":24}},"loc":{"start":{"line":166,"column":37},"end":{"line":172,"column":1}},"line":166}},"branchMap":{"0":{"loc":{"start":{"line":22,"column":4},"end":{"line":24,"column":5}},"type":"if","locations":[{"start":{"line":22,"column":4},"end":{"line":24,"column":5}},{"start":{},"end":{}}],"line":22},"1":{"loc":{"start":{"line":22,"column":8},"end":{"line":22,"column":56}},"type":"binary-expr","locations":[{"start":{"line":22,"column":8},"end":{"line":22,"column":14}},{"start":{"line":22,"column":18},"end":{"line":22,"column":27}},{"start":{"line":22,"column":31},"end":{"line":22,"column":40}},{"start":{"line":22,"column":44},"end":{"line":22,"column":56}}],"line":22},"2":{"loc":{"start":{"line":32,"column":8},"end":{"line":37,"column":9}},"type":"if","locations":[{"start":{"line":32,"column":8},"end":{"line":37,"column":9}},{"start":{"line":35,"column":13},"end":{"line":37,"column":9}}],"line":32},"3":{"loc":{"start":{"line":48,"column":4},"end":{"line":50,"column":5}},"type":"if","locations":[{"start":{"line":48,"column":4},"end":{"line":50,"column":5}},{"start":{},"end":{}}],"line":48},"4":{"loc":{"start":{"line":48,"column":8},"end":{"line":48,"column":27}},"type":"binary-expr","locations":[{"start":{"line":48,"column":8},"end":{"line":48,"column":14}},{"start":{"line":48,"column":18},"end":{"line":48,"column":27}}],"line":48},"5":{"loc":{"start":{"line":54,"column":8},"end":{"line":57,"column":9}},"type":"if","locations":[{"start":{"line":54,"column":8},"end":{"line":57,"column":9}},{"start":{},"end":{}}],"line":54},"6":{"loc":{"start":{"line":58,"column":8},"end":{"line":60,"column":9}},"type":"if","locations":[{"start":{"line":58,"column":8},"end":{"line":60,"column":9}},{"start":{},"end":{}}],"line":58},"7":{"loc":{"start":{"line":63,"column":8},"end":{"line":65,"column":9}},"type":"if","locations":[{"start":{"line":63,"column":8},"end":{"line":65,"column":9}},{"start":{},"end":{}}],"line":63},"8":{"loc":{"start":{"line":98,"column":8},"end":{"line":100,"column":9}},"type":"if","locations":[{"start":{"line":98,"column":8},"end":{"line":100,"column":9}},{"start":{},"end":{}}],"line":98},"9":{"loc":{"start":{"line":117,"column":4},"end":{"line":118,"column":76}},"type":"if","locations":[{"start":{"line":117,"column":4},"end":{"line":118,"column":76}},{"start":{},"end":{}}],"line":117},"10":{"loc":{"start":{"line":121,"column":4},"end":{"line":122,"column":89}},"type":"if","locations":[{"start":{"line":121,"column":4},"end":{"line":122,"column":89}},{"start":{},"end":{}}],"line":121},"11":{"loc":{"start":{"line":125,"column":8},"end":{"line":126,"column":87}},"type":"if","locations":[{"start":{"line":125,"column":8},"end":{"line":126,"column":87}},{"start":{},"end":{}}],"line":125},"12":{"loc":{"start":{"line":151,"column":12},"end":{"line":154,"column":13}},"type":"if","locations":[{"start":{"line":151,"column":12},"end":{"line":154,"column":13}},{"start":{},"end":{}}],"line":151},"13":{"loc":{"start":{"line":155,"column":12},"end":{"line":157,"column":13}},"type":"if","locations":[{"start":{"line":155,"column":12},"end":{"line":157,"column":13}},{"start":{},"end":{}}],"line":155},"14":{"loc":{"start":{"line":168,"column":4},"end":{"line":168,"column":62}},"type":"if","locations":[{"start":{"line":168,"column":4},"end":{"line":168,"column":62}},{"start":{},"end":{}}],"line":168}},"s":{"0":1,"1":1,"2":1,"3":1,"4":1,"5":1,"6":1,"7":1,"8":1,"9":1,"10":1,"11":1,"12":1,"13":1,"14":3,"15":3,"16":1,"17":2,"18":2,"19":2,"20":2,"21":2,"22":1,"23":0,"24":1,"25":1,"26":1,"27":1,"28":3,"29":3,"30":1,"31":2,"32":2,"33":2,"34":0,"35":0,"36":2,"37":1,"38":1,"39":1,"40":1,"41":0,"42":1,"43":1,"44":1,"45":1,"46":1,"47":1,"48":0,"49":0,"50":0,"51":0,"52":0,"53":0,"54":0,"55":0,"56":1,"57":0,"58":0,"59":0,"60":0,"61":0,"62":0,"63":0,"64":0,"65":0,"66":0,"67":0,"68":0,"69":0,"70":0,"71":0,"72":0,"73":0,"74":0,"75":0,"76":0,"77":0,"78":1,"79":0,"80":0,"81":0,"82":0,"83":0,"84":1},"f":{"0":3,"1":3,"2":2,"3":0,"4":0,"5":0,"6":0,"7":0},"b":{"0":[1,2],"1":[3,3,3,3],"2":[0,1],"3":[1,2],"4":[3,2],"5":[0,2],"6":[1,1],"7":[0,1],"8":[0,0],"9":[0,0],"10":[0,0],"11":[0,0],"12":[0,0],"13":[0,0],"14":[0,0]},"_coverageSchema":"1a1c01bbd47fc00a2c39e90264f33305004495a9","hash":"f431a570a976f8b0ce8b401dd4e685d08043e9f4"}
,"D:\\ME\\VS\\pitchforkForms\\PitchforkForms_Backend\\utils\\notifyUser.js": {"path":"D:\\ME\\VS\\pitchforkForms\\PitchforkForms_Backend\\utils\\notifyUser.js","statementMap":{"0":{"start":{"line":1,"column":19},"end":{"line":1,"column":40}},"1":{"start":{"line":2,"column":16},"end":{"line":2,"column":40}},"2":{"start":{"line":4,"column":20},"end":{"line":10,"column":2}},"3":{"start":{"line":13,"column":4},"end":{"line":52,"column":5}},"4":{"start":{"line":14,"column":21},"end":{"line":14,"column":84}},"5":{"start":{"line":15,"column":8},"end":{"line":18,"column":9}},"6":{"start":{"line":16,"column":12},"end":{"line":16,"column":51}},"7":{"start":{"line":17,"column":12},"end":{"line":17,"column":19}},"8":{"start":{"line":19,"column":25},"end":{"line":19,"column":37}},"9":{"start":{"line":21,"column":25},"end":{"line":26,"column":9}},"10":{"start":{"line":28,"column":8},"end":{"line":31,"column":9}},"11":{"start":{"line":29,"column":12},"end":{"line":29,"column":51}},"12":{"start":{"line":30,"column":12},"end":{"line":30,"column":19}},"13":{"start":{"line":33,"column":8},"end":{"line":49,"column":9}},"14":{"start":{"line":34,"column":28},"end":{"line":34,"column":60}},"15":{"start":{"line":35,"column":25},"end":{"line":39,"column":39}},"16":{"start":{"line":41,"column":12},"end":{"line":46,"column":15}},"17":{"start":{"line":51,"column":8},"end":{"line":51,"column":52}},"18":{"start":{"line":55,"column":0},"end":{"line":55,"column":28}}},"fnMap":{"0":{"name":"notifyUser","decl":{"start":{"line":12,"column":15},"end":{"line":12,"column":25}},"loc":{"start":{"line":12,"column":35},"end":{"line":53,"column":1}},"line":12}},"branchMap":{"0":{"loc":{"start":{"line":15,"column":8},"end":{"line":18,"column":9}},"type":"if","locations":[{"start":{"line":15,"column":8},"end":{"line":18,"column":9}},{"start":{},"end":{}}],"line":15},"1":{"loc":{"start":{"line":28,"column":8},"end":{"line":31,"column":9}},"type":"if","locations":[{"start":{"line":28,"column":8},"end":{"line":31,"column":9}},{"start":{},"end":{}}],"line":28}},"s":{"0":1,"1":1,"2":1,"3":0,"4":0,"5":0,"6":0,"7":0,"8":0,"9":0,"10":0,"11":0,"12":0,"13":0,"14":0,"15":0,"16":0,"17":0,"18":1},"f":{"0":0},"b":{"0":[0,0],"1":[0,0]},"_coverageSchema":"1a1c01bbd47fc00a2c39e90264f33305004495a9","hash":"9ab8c38badd3cee635f93aeaaf08515f07518ffe"}
}
