TN:
SF:middlewares\authMiddleware.js
FN:5,(anonymous_0)
FN:10,(anonymous_1)
FNF:2
FNH:2
FNDA:9,(anonymous_0)
FNDA:9,(anonymous_1)
DA:1,2
DA:2,2
DA:3,2
DA:5,2
DA:6,9
DA:7,9
DA:8,9
DA:10,9
DA:11,9
DA:12,9
DA:13,9
DA:16,2
LF:12
LH:12
BRDA:7,0,0,9
BRDA:7,0,1,9
BRDA:8,1,0,0
BRDA:8,1,1,9
BRDA:11,2,0,0
BRDA:11,2,1,9
BRF:6
BRH:4
end_of_record
TN:
SF:middlewares\roleCheckMiddleware.js
FN:1,(anonymous_0)
FNF:1
FNH:0
FNDA:0,(anonymous_0)
DA:1,1
DA:2,0
DA:3,0
DA:5,0
DA:8,1
LF:5
LH:2
BRDA:2,0,0,0
BRDA:2,0,1,0
BRF:2
BRH:0
end_of_record
TN:
SF:routes\formRoutes.js
FN:11,(anonymous_0)
FN:23,(anonymous_1)
FN:40,(anonymous_2)
FN:72,(anonymous_3)
FN:88,(anonymous_4)
FN:95,(anonymous_5)
FN:123,(anonymous_6)
FN:125,(anonymous_7)
FN:133,(anonymous_8)
FN:141,(anonymous_9)
FN:149,(anonymous_10)
FN:192,(anonymous_11)
FN:194,(anonymous_12)
FN:202,(anonymous_13)
FN:210,(anonymous_14)
FN:246,(anonymous_15)
FN:253,(anonymous_16)
FN:273,(anonymous_17)
FN:275,(anonymous_18)
FN:285,(anonymous_19)
FN:293,(anonymous_20)
FN:332,(anonymous_21)
FN:370,(anonymous_22)
FN:409,(anonymous_23)
FN:410,(anonymous_24)
FN:411,(anonymous_25)
FN:448,(anonymous_26)
FN:452,(anonymous_27)
FN:492,(anonymous_28)
FN:494,(anonymous_29)
FN:503,(anonymous_30)
FNF:31
FNH:7
FNDA:0,(anonymous_0)
FNDA:0,(anonymous_1)
FNDA:0,(anonymous_2)
FNDA:0,(anonymous_3)
FNDA:3,(anonymous_4)
FNDA:2,(anonymous_5)
FNDA:1,(anonymous_6)
FNDA:0,(anonymous_7)
FNDA:0,(anonymous_8)
FNDA:3,(anonymous_9)
FNDA:2,(anonymous_10)
FNDA:1,(anonymous_11)
FNDA:0,(anonymous_12)
FNDA:1,(anonymous_13)
FNDA:0,(anonymous_14)
FNDA:0,(anonymous_15)
FNDA:0,(anonymous_16)
FNDA:0,(anonymous_17)
FNDA:0,(anonymous_18)
FNDA:0,(anonymous_19)
FNDA:0,(anonymous_20)
FNDA:0,(anonymous_21)
FNDA:0,(anonymous_22)
FNDA:0,(anonymous_23)
FNDA:0,(anonymous_24)
FNDA:0,(anonymous_25)
FNDA:0,(anonymous_26)
FNDA:0,(anonymous_27)
FNDA:0,(anonymous_28)
FNDA:0,(anonymous_29)
FNDA:0,(anonymous_30)
DA:1,1
DA:2,1
DA:3,1
DA:4,1
DA:5,1
DA:6,1
DA:8,1
DA:9,1
DA:11,1
DA:13,0
DA:14,0
DA:15,0
DA:16,0
DA:17,0
DA:19,0
DA:23,1
DA:24,0
DA:25,0
DA:26,0
DA:28,0
DA:29,0
DA:30,0
DA:32,0
DA:34,0
DA:35,0
DA:40,1
DA:41,0
DA:43,0
DA:44,0
DA:47,0
DA:49,0
DA:61,0
DA:63,0
DA:64,0
DA:68,0
DA:72,0
DA:81,0
DA:83,0
DA:84,0
DA:88,1
DA:89,3
DA:91,3
DA:92,1
DA:95,2
DA:96,2
DA:97,1
DA:98,1
DA:101,1
DA:102,1
DA:103,1
DA:105,1
DA:106,1
DA:108,1
DA:112,1
DA:114,1
DA:115,2
DA:116,2
DA:123,1
DA:124,1
DA:125,0
DA:126,0
DA:127,0
DA:130,1
DA:133,0
DA:134,0
DA:135,0
DA:141,1
DA:142,3
DA:143,3
DA:145,3
DA:146,1
DA:149,2
DA:150,2
DA:151,0
DA:152,0
DA:155,2
DA:157,2
DA:159,2
DA:160,2
DA:162,2
DA:164,2
DA:166,2
DA:172,1
DA:175,0
DA:179,0
DA:183,1
DA:184,2
DA:185,2
DA:192,1
DA:193,1
DA:194,0
DA:195,0
DA:196,0
DA:199,1
DA:202,1
DA:203,1
DA:204,1
DA:210,1
DA:211,0
DA:212,0
DA:213,0
DA:220,0
DA:222,0
DA:224,0
DA:225,0
DA:226,0
DA:228,0
DA:229,0
DA:230,0
DA:236,0
DA:237,0
DA:238,0
DA:243,0
DA:246,1
DA:247,0
DA:249,0
DA:250,0
DA:252,0
DA:253,0
DA:254,0
DA:255,0
DA:256,0
DA:259,0
DA:260,0
DA:264,0
DA:266,0
DA:267,0
DA:273,0
DA:274,0
DA:275,0
DA:276,0
DA:277,0
DA:281,0
DA:285,0
DA:286,0
DA:287,0
DA:293,1
DA:294,0
DA:296,0
DA:297,0
DA:300,0
DA:301,0
DA:302,0
DA:303,0
DA:306,0
DA:307,0
DA:309,0
DA:310,0
DA:315,0
DA:316,0
DA:322,0
DA:323,0
DA:327,0
DA:328,0
DA:332,1
DA:333,0
DA:335,0
DA:337,0
DA:339,0
DA:340,0
DA:344,0
DA:347,0
DA:348,0
DA:352,0
DA:355,0
DA:365,0
DA:366,0
DA:370,1
DA:371,0
DA:372,0
DA:375,0
DA:380,0
DA:382,0
DA:383,0
DA:387,0
DA:395,0
DA:402,0
DA:409,0
DA:410,0
DA:411,0
DA:413,0
DA:414,0
DA:422,0
DA:432,0
DA:439,0
DA:442,0
DA:443,0
DA:448,1
DA:449,0
DA:450,0
DA:452,0
DA:453,0
DA:454,0
DA:455,0
DA:458,0
DA:460,0
DA:462,0
DA:463,0
DA:467,0
DA:474,0
DA:477,0
DA:480,0
DA:487,0
DA:490,0
DA:492,0
DA:493,0
DA:494,0
DA:495,0
DA:496,0
DA:500,0
DA:503,0
DA:504,0
DA:505,0
DA:512,1
LF:214
LH:63
BRDA:25,0,0,0
BRDA:25,0,1,0
BRDA:43,1,0,0
BRDA:43,1,1,0
BRDA:63,2,0,0
BRDA:63,2,1,0
BRDA:77,3,0,0
BRDA:77,3,1,0
BRDA:91,4,0,1
BRDA:91,4,1,2
BRDA:91,5,0,3
BRDA:91,5,1,2
BRDA:91,5,2,2
BRDA:96,6,0,1
BRDA:96,6,1,1
BRDA:124,7,0,0
BRDA:124,7,1,1
BRDA:145,8,0,1
BRDA:145,8,1,2
BRDA:145,9,0,3
BRDA:145,9,1,2
BRDA:145,9,2,2
BRDA:150,10,0,0
BRDA:150,10,1,2
BRDA:164,11,0,2
BRDA:164,11,1,0
BRDA:193,12,0,0
BRDA:193,12,1,1
BRDA:220,13,0,0
BRDA:220,13,1,0
BRDA:224,14,0,0
BRDA:224,14,1,0
BRDA:225,15,0,0
BRDA:225,15,1,0
BRDA:228,16,0,0
BRDA:228,16,1,0
BRDA:229,17,0,0
BRDA:229,17,1,0
BRDA:237,18,0,0
BRDA:237,18,1,0
BRDA:249,19,0,0
BRDA:249,19,1,0
BRDA:249,20,0,0
BRDA:249,20,1,0
BRDA:249,20,2,0
BRDA:254,21,0,0
BRDA:254,21,1,0
BRDA:274,22,0,0
BRDA:274,22,1,0
BRDA:296,23,0,0
BRDA:296,23,1,0
BRDA:302,24,0,0
BRDA:302,24,1,0
BRDA:315,25,0,0
BRDA:315,25,1,0
BRDA:339,26,0,0
BRDA:339,26,1,0
BRDA:382,27,0,0
BRDA:382,27,1,0
BRDA:411,28,0,0
BRDA:411,28,1,0
BRDA:413,29,0,0
BRDA:413,29,1,0
BRDA:453,30,0,0
BRDA:453,30,1,0
BRDA:462,31,0,0
BRDA:462,31,1,0
BRDA:493,32,0,0
BRDA:493,32,1,0
BRF:69
BRH:16
end_of_record
TN:
SF:routes\userActions.js
FN:13,(anonymous_0)
FN:24,(anonymous_1)
FN:43,(anonymous_2)
FN:68,(anonymous_3)
FN:74,(anonymous_4)
FN:94,(anonymous_5)
FN:123,(anonymous_6)
FN:161,(anonymous_7)
FN:195,(anonymous_8)
FN:196,(anonymous_9)
FNF:10
FNH:1
FNDA:0,(anonymous_0)
FNDA:0,(anonymous_1)
FNDA:3,(anonymous_2)
FNDA:0,(anonymous_3)
FNDA:0,(anonymous_4)
FNDA:0,(anonymous_5)
FNDA:0,(anonymous_6)
FNDA:0,(anonymous_7)
FNDA:0,(anonymous_8)
FNDA:0,(anonymous_9)
DA:1,1
DA:2,1
DA:3,1
DA:4,1
DA:5,1
DA:7,1
DA:9,1
DA:13,1
DA:14,0
DA:15,0
DA:16,0
DA:17,0
DA:19,0
DA:24,1
DA:25,0
DA:27,0
DA:28,0
DA:29,0
DA:31,0
DA:32,0
DA:35,0
DA:37,0
DA:38,0
DA:43,1
DA:44,3
DA:45,3
DA:47,3
DA:48,1
DA:51,2
DA:52,2
DA:53,2
DA:55,2
DA:57,2
DA:58,1
DA:61,1
DA:63,0
DA:64,0
DA:68,1
DA:69,0
DA:70,0
DA:74,1
DA:75,0
DA:77,0
DA:78,0
DA:79,0
DA:80,0
DA:82,0
DA:83,0
DA:86,0
DA:88,0
DA:89,0
DA:94,1
DA:95,0
DA:97,0
DA:98,0
DA:101,0
DA:102,0
DA:115,0
DA:117,0
DA:118,0
DA:123,1
DA:124,0
DA:126,0
DA:127,0
DA:130,0
DA:131,0
DA:153,0
DA:155,0
DA:156,0
DA:161,1
DA:162,0
DA:164,0
DA:165,0
DA:168,0
DA:170,0
DA:186,0
DA:189,0
DA:190,0
DA:194,0
DA:195,0
DA:196,0
DA:198,0
DA:199,0
DA:204,0
DA:207,0
DA:216,0
DA:218,0
DA:219,0
DA:226,1
LF:89
LH:27
BRDA:31,0,0,0
BRDA:31,0,1,0
BRDA:47,1,0,1
BRDA:47,1,1,2
BRDA:47,2,0,3
BRDA:47,2,1,2
BRDA:53,3,0,2
BRDA:53,3,1,0
BRDA:57,4,0,1
BRDA:57,4,1,1
BRDA:82,5,0,0
BRDA:82,5,1,0
BRDA:97,6,0,0
BRDA:97,6,1,0
BRDA:126,7,0,0
BRDA:126,7,1,0
BRDA:164,8,0,0
BRDA:164,8,1,0
BRDA:164,9,0,0
BRDA:164,9,1,0
BRDA:189,10,0,0
BRDA:189,10,1,0
BRDA:198,11,0,0
BRDA:198,11,1,0
BRF:24
BRH:7
end_of_record
TN:
SF:routes\userAuth.js
FN:19,(anonymous_0)
FN:45,(anonymous_1)
FN:53,(anonymous_2)
FN:93,(anonymous_3)
FN:115,(anonymous_4)
FN:124,(anonymous_5)
FN:150,(anonymous_6)
FN:166,(anonymous_7)
FNF:8
FNH:3
FNDA:3,(anonymous_0)
FNDA:3,(anonymous_1)
FNDA:2,(anonymous_2)
FNDA:0,(anonymous_3)
FNDA:0,(anonymous_4)
FNDA:0,(anonymous_5)
FNDA:0,(anonymous_6)
FNDA:0,(anonymous_7)
DA:1,1
DA:2,1
DA:3,1
DA:4,1
DA:5,1
DA:6,1
DA:7,1
DA:8,1
DA:10,1
DA:12,1
DA:13,1
DA:15,1
DA:16,1
DA:19,1
DA:20,3
DA:22,3
DA:23,1
DA:26,2
DA:27,2
DA:28,2
DA:29,2
DA:31,2
DA:32,1
DA:33,0
DA:36,1
DA:39,1
DA:40,1
DA:45,1
DA:46,3
DA:48,3
DA:49,1
DA:52,2
DA:53,2
DA:54,2
DA:55,0
DA:56,0
DA:58,2
DA:59,1
DA:61,1
DA:62,1
DA:63,1
DA:64,0
DA:68,1
DA:74,1
DA:80,1
DA:81,1
DA:87,1
DA:93,1
DA:94,0
DA:95,0
DA:96,0
DA:98,0
DA:99,0
DA:102,0
DA:108,0
DA:109,0
DA:115,1
DA:116,0
DA:117,0
DA:118,0
DA:121,0
DA:122,0
DA:124,0
DA:125,0
DA:126,0
DA:128,0
DA:130,0
DA:135,0
DA:141,0
DA:142,0
DA:149,0
DA:150,0
DA:151,0
DA:152,0
DA:153,0
DA:155,0
DA:156,0
DA:159,0
DA:166,1
DA:167,0
DA:168,0
DA:170,0
DA:171,0
DA:176,1
LF:84
LH:47
BRDA:22,0,0,1
BRDA:22,0,1,2
BRDA:22,1,0,3
BRDA:22,1,1,3
BRDA:22,1,2,3
BRDA:22,1,3,3
BRDA:32,2,0,0
BRDA:32,2,1,1
BRDA:48,3,0,1
BRDA:48,3,1,2
BRDA:48,4,0,3
BRDA:48,4,1,2
BRDA:54,5,0,0
BRDA:54,5,1,2
BRDA:58,6,0,1
BRDA:58,6,1,1
BRDA:63,7,0,0
BRDA:63,7,1,1
BRDA:98,8,0,0
BRDA:98,8,1,0
BRDA:117,9,0,0
BRDA:117,9,1,0
BRDA:121,10,0,0
BRDA:121,10,1,0
BRDA:125,11,0,0
BRDA:125,11,1,0
BRDA:151,12,0,0
BRDA:151,12,1,0
BRDA:155,13,0,0
BRDA:155,13,1,0
BRDA:168,14,0,0
BRDA:168,14,1,0
BRF:32
BRH:15
end_of_record
TN:
SF:utils\notifyUser.js
FN:12,notifyUser
FNF:1
FNH:0
FNDA:0,notifyUser
DA:1,1
DA:2,1
DA:4,1
DA:13,0
DA:14,0
DA:15,0
DA:16,0
DA:17,0
DA:19,0
DA:21,0
DA:28,0
DA:29,0
DA:30,0
DA:33,0
DA:34,0
DA:35,0
DA:41,0
DA:51,0
DA:55,1
LF:19
LH:4
BRDA:15,0,0,0
BRDA:15,0,1,0
BRDA:28,1,0,0
BRDA:28,1,1,0
BRF:4
BRH:0
end_of_record
