TN:
SF:middlewares\authMiddleware.js
FN:5,(anonymous_0)
FN:10,(anonymous_1)
FNF:2
FNH:0
FNDA:0,(anonymous_0)
FNDA:0,(anonymous_1)
DA:1,1
DA:2,1
DA:3,1
DA:5,1
DA:6,0
DA:7,0
DA:8,0
DA:10,0
DA:11,0
DA:12,0
DA:13,0
DA:16,1
LF:12
LH:5
BRDA:7,0,0,0
BRDA:7,0,1,0
BRDA:8,1,0,0
BRDA:8,1,1,0
BRDA:11,2,0,0
BRDA:11,2,1,0
BRF:6
BRH:0
end_of_record
TN:
SF:routes\userAuth.js
FN:19,(anonymous_0)
FN:45,(anonymous_1)
FN:53,(anonymous_2)
FN:93,(anonymous_3)
FN:115,(anonymous_4)
FN:124,(anonymous_5)
FN:150,(anonymous_6)
FN:166,(anonymous_7)
FNF:8
FNH:1
FNDA:2,(anonymous_0)
FNDA:0,(anonymous_1)
FNDA:0,(anonymous_2)
FNDA:0,(anonymous_3)
FNDA:0,(anonymous_4)
FNDA:0,(anonymous_5)
FNDA:0,(anonymous_6)
FNDA:0,(anonymous_7)
DA:1,1
DA:2,1
DA:3,1
DA:4,1
DA:5,1
DA:6,1
DA:7,1
DA:8,1
DA:10,1
DA:12,1
DA:13,1
DA:15,1
DA:16,1
DA:19,1
DA:20,2
DA:22,2
DA:23,1
DA:26,1
DA:27,1
DA:28,1
DA:29,1
DA:31,1
DA:32,0
DA:33,0
DA:36,0
DA:39,0
DA:40,0
DA:45,1
DA:46,0
DA:48,0
DA:49,0
DA:52,0
DA:53,0
DA:54,0
DA:55,0
DA:56,0
DA:58,0
DA:59,0
DA:61,0
DA:62,0
DA:63,0
DA:64,0
DA:68,0
DA:74,0
DA:80,0
DA:81,0
DA:87,0
DA:93,1
DA:94,0
DA:95,0
DA:96,0
DA:98,0
DA:99,0
DA:102,0
DA:108,0
DA:109,0
DA:115,1
DA:116,0
DA:117,0
DA:118,0
DA:121,0
DA:122,0
DA:124,0
DA:125,0
DA:126,0
DA:128,0
DA:130,0
DA:135,0
DA:141,0
DA:142,0
DA:149,0
DA:150,0
DA:151,0
DA:152,0
DA:153,0
DA:155,0
DA:156,0
DA:159,0
DA:166,1
DA:167,0
DA:168,0
DA:170,0
DA:171,0
DA:176,1
LF:84
LH:27
BRDA:22,0,0,1
BRDA:22,0,1,1
BRDA:22,1,0,2
BRDA:22,1,1,2
BRDA:22,1,2,2
BRDA:22,1,3,2
BRDA:32,2,0,0
BRDA:32,2,1,0
BRDA:48,3,0,0
BRDA:48,3,1,0
BRDA:48,4,0,0
BRDA:48,4,1,0
BRDA:54,5,0,0
BRDA:54,5,1,0
BRDA:58,6,0,0
BRDA:58,6,1,0
BRDA:63,7,0,0
BRDA:63,7,1,0
BRDA:98,8,0,0
BRDA:98,8,1,0
BRDA:117,9,0,0
BRDA:117,9,1,0
BRDA:121,10,0,0
BRDA:121,10,1,0
BRDA:125,11,0,0
BRDA:125,11,1,0
BRDA:151,12,0,0
BRDA:151,12,1,0
BRDA:155,13,0,0
BRDA:155,13,1,0
BRDA:168,14,0,0
BRDA:168,14,1,0
BRF:32
BRH:6
end_of_record
TN:
SF:utils\queryHelper.js
FN:4,(anonymous_0)
FN:5,(anonymous_1)
FN:6,(anonymous_2)
FNF:3
FNH:2
FNDA:1,(anonymous_0)
FNDA:1,(anonymous_1)
FNDA:0,(anonymous_2)
DA:1,1
DA:4,1
DA:5,1
DA:6,1
DA:7,0
DA:8,0
DA:13,1
LF:7
LH:5
BRDA:4,0,0,0
BRDA:7,1,0,0
BRDA:7,1,1,0
BRF:3
BRH:0
end_of_record
